TN:
SF:src/app/app.ts
FN:15,(anonymous_0)
FNF:1
FNH:0
FNDA:0,(anonymous_0)
DA:11,1
DA:13,1
DA:16,0
LF:3
LH:2
BRF:0
BRH:0
end_of_record
TN:
SF:src/app/components/banner-cookies/banner-cookies.ts
FN:12,(anonymous_0)
FNF:1
FNH:1
FNDA:3,(anonymous_0)
DA:11,1
DA:12,3
LF:2
LH:2
BRF:0
BRH:0
end_of_record
TN:
SF:src/app/components/layout/app-layout/app-layout.ts
FN:23,(anonymous_0)
FN:26,(anonymous_1)
FN:27,(anonymous_2)
FN:30,(anonymous_3)
FN:31,(anonymous_4)
FN:34,(anonymous_5)
FNF:6
FNH:6
FNDA:7,(anonymous_0)
FNDA:1,(anonymous_1)
FNDA:1,(anonymous_2)
FNDA:3,(anonymous_3)
FNDA:3,(anonymous_4)
FNDA:3,(anonymous_5)
DA:17,1
DA:19,7
DA:21,7
DA:23,7
DA:24,7
DA:25,7
DA:26,1
DA:27,1
DA:31,3
DA:35,3
LF:10
LH:10
BRF:0
BRH:0
end_of_record
TN:
SF:src/app/components/layout/barra-pie-app/barra-pie-app.ts
FNF:0
FNH:0
DA:11,1
LF:1
LH:1
BRF:0
BRH:0
end_of_record
TN:
SF:src/app/components/layout/footer/footer.ts
FNF:0
FNH:0
DA:12,1
LF:1
LH:1
BRF:0
BRH:0
end_of_record
TN:
SF:src/app/components/layout/header/header.ts
FN:44,(anonymous_0)
FN:47,(anonymous_1)
FN:49,(anonymous_2)
FN:61,(anonymous_3)
FN:63,(anonymous_4)
FN:70,(anonymous_5)
FN:71,(anonymous_6)
FN:76,(anonymous_7)
FN:77,(anonymous_8)
FN:82,(anonymous_9)
FN:86,(anonymous_10)
FN:87,(anonymous_11)
FN:88,(anonymous_12)
FN:95,(anonymous_13)
FNF:14
FNH:14
FNDA:14,(anonymous_0)
FNDA:2,(anonymous_1)
FNDA:8,(anonymous_2)
FNDA:3,(anonymous_3)
FNDA:12,(anonymous_4)
FNDA:3,(anonymous_5)
FNDA:3,(anonymous_6)
FNDA:4,(anonymous_7)
FNDA:4,(anonymous_8)
FNDA:1,(anonymous_9)
FNDA:1,(anonymous_10)
FNDA:1,(anonymous_11)
FNDA:4,(anonymous_12)
FNDA:1,(anonymous_13)
DA:26,1
DA:27,14
DA:28,14
DA:30,14
DA:40,14
DA:41,14
DA:42,14
DA:45,14
DA:47,14
DA:48,2
DA:49,2
DA:50,8
DA:51,8
DA:52,8
DA:58,2
DA:61,14
DA:62,3
DA:63,3
DA:64,12
DA:66,3
DA:71,3
DA:72,3
DA:77,4
DA:78,4
DA:83,1
DA:87,1
DA:88,1
DA:89,4
DA:96,1
DA:97,1
LF:30
LH:30
BRF:0
BRH:0
end_of_record
TN:
SF:src/app/components/layout/landing-layout/landing-layout.ts
FNF:0
FNH:0
DA:13,1
LF:1
LH:1
BRF:0
BRH:0
end_of_record
TN:
SF:src/app/components/layout/sidebar/sidebar.component.ts
FN:17,(anonymous_0)
FN:22,(anonymous_1)
FN:23,(anonymous_2)
FNF:3
FNH:1
FNDA:10,(anonymous_0)
FNDA:0,(anonymous_1)
FNDA:0,(anonymous_2)
DA:13,1
DA:14,10
DA:15,10
DA:18,10
DA:19,10
DA:23,0
DA:24,0
LF:7
LH:5
BRF:0
BRH:0
end_of_record
TN:
SF:src/app/components/panel-metricas-servidor/panel-metricas-servidor.ts
FN:21,(anonymous_0)
FN:24,calcularMetricaActual
FN:33,calcularPorcentajeRam
FN:43,calcularTiempoTexto
FN:61,calcularEsperandoDatos
FN:67,(anonymous_5)
FN:74,(anonymous_6)
FN:77,(anonymous_7)
FNF:8
FNH:8
FNDA:56,(anonymous_0)
FNDA:49,calcularMetricaActual
FNDA:3,calcularPorcentajeRam
FNDA:4,calcularTiempoTexto
FNDA:42,calcularEsperandoDatos
FNDA:42,(anonymous_5)
FNDA:57,(anonymous_6)
FNDA:6,(anonymous_7)
DA:11,1
DA:13,56
DA:14,56
DA:21,56
DA:22,56
DA:24,56
DA:25,49
DA:26,49
DA:27,49
DA:28,43
DA:30,6
DA:33,56
DA:34,3
DA:35,3
DA:36,2
DA:38,1
DA:39,1
DA:40,1
DA:43,56
DA:44,4
DA:45,4
DA:46,1
DA:48,3
DA:49,3
DA:50,3
DA:51,3
DA:52,3
DA:53,1
DA:55,2
DA:56,1
DA:58,1
DA:61,56
DA:62,42
DA:63,42
DA:68,42
DA:69,41
DA:70,41
DA:78,6
DA:79,2
DA:81,4
DA:82,2
DA:84,2
LF:42
LH:42
BRDA:27,0,0,43
BRDA:35,1,0,2
BRDA:35,2,0,3
BRDA:35,2,1,2
BRDA:45,3,0,1
BRDA:52,4,0,1
BRDA:55,5,0,1
BRDA:68,6,0,41
BRDA:78,7,0,2
BRDA:81,8,0,2
BRF:10
BRH:10
end_of_record
TN:
SF:src/app/components/shared/campana-notificaciones/campana-notificaciones.ts
FN:22,(anonymous_0)
FN:28,(anonymous_1)
FN:38,(anonymous_2)
FN:46,(anonymous_3)
FN:53,(anonymous_4)
FN:62,(anonymous_5)
FN:63,(anonymous_6)
FN:66,(anonymous_7)
FN:70,(anonymous_8)
FN:78,(anonymous_9)
FN:89,(anonymous_10)
FN:97,(anonymous_11)
FNF:12
FNH:12
FNDA:33,(anonymous_0)
FNDA:3,(anonymous_1)
FNDA:17,(anonymous_2)
FNDA:34,(anonymous_3)
FNDA:1,(anonymous_4)
FNDA:5,(anonymous_5)
FNDA:5,(anonymous_6)
FNDA:1,(anonymous_7)
FNDA:2,(anonymous_8)
FNDA:3,(anonymous_9)
FNDA:2,(anonymous_10)
FNDA:6,(anonymous_11)
DA:15,1
DA:17,33
DA:19,33
DA:20,33
DA:23,33
DA:24,33
DA:29,3
DA:30,1
DA:32,2
DA:33,2
DA:34,1
DA:39,17
DA:40,17
DA:41,1
DA:42,1
DA:47,34
DA:48,34
DA:49,0
DA:54,1
DA:55,1
DA:56,1
DA:58,0
DA:63,5
DA:67,1
DA:71,2
DA:72,2
DA:74,1
DA:79,3
DA:80,3
DA:81,2
DA:82,2
DA:84,1
DA:90,2
DA:91,2
DA:93,1
DA:98,6
DA:105,6
LF:37
LH:35
BRDA:29,0,0,1
BRDA:33,1,0,1
BRDA:40,2,0,1
BRDA:48,3,0,0
BRDA:80,4,0,2
BRDA:105,5,0,6
BRDA:105,5,1,1
BRF:7
BRH:6
end_of_record
TN:
SF:src/app/components/shared/galeria-capturas/galeria-capturas.ts
FNF:0
FNH:0
DA:34,1
DA:36,1
DA:43,1
LF:3
LH:3
BRF:0
BRH:0
end_of_record
TN:
SF:src/app/components/shared/migas-pan/migas-pan.ts
FNF:0
FNH:0
DA:16,1
DA:17,4
LF:2
LH:2
BRF:0
BRH:0
end_of_record
TN:
SF:src/app/components/shared/selector-idioma/selector-idioma.ts
FN:21,(anonymous_0)
FN:25,(anonymous_1)
FN:30,(anonymous_2)
FN:36,(anonymous_3)
FNF:4
FNH:4
FNDA:2,(anonymous_0)
FNDA:1,(anonymous_1)
FNDA:117,(anonymous_2)
FNDA:4,(anonymous_3)
DA:12,1
DA:14,80
DA:16,80
DA:17,80
DA:19,80
DA:22,2
DA:26,1
DA:27,1
DA:31,117
DA:32,117
DA:37,4
DA:38,2
DA:40,2
DA:41,2
DA:42,1
LF:15
LH:15
BRDA:37,0,0,2
BRDA:37,1,0,4
BRDA:37,1,1,3
BRDA:41,2,0,1
BRF:4
BRH:4
end_of_record
TN:
SF:src/app/components/shared/tarjeta-estadistica/tarjeta-estadistica.ts
FNF:0
FNH:0
DA:9,1
DA:10,56
DA:11,56
DA:12,56
DA:13,56
DA:14,56
DA:15,56
LF:7
LH:7
BRF:0
BRH:0
end_of_record
TN:
SF:src/app/components/shared/toast-notificaciones/toast-notificaciones.ts
FN:26,(anonymous_0)
FN:29,(anonymous_1)
FN:34,(anonymous_2)
FN:40,(anonymous_3)
FN:46,(anonymous_4)
FN:47,(anonymous_5)
FN:51,(anonymous_6)
FN:52,(anonymous_7)
FN:55,(anonymous_8)
FN:66,(anonymous_9)
FNF:10
FNH:10
FNDA:13,(anonymous_0)
FNDA:4,(anonymous_1)
FNDA:22,(anonymous_2)
FNDA:4,(anonymous_3)
FNDA:1,(anonymous_4)
FNDA:1,(anonymous_5)
FNDA:2,(anonymous_6)
FNDA:2,(anonymous_7)
FNDA:6,(anonymous_8)
FNDA:6,(anonymous_9)
DA:19,1
DA:21,20
DA:22,20
DA:24,20
DA:27,13
DA:28,13
DA:30,4
DA:35,22
DA:36,14
DA:41,4
DA:42,4
DA:44,4
DA:46,4
DA:47,1
DA:52,2
DA:56,6
DA:63,6
DA:67,6
DA:74,6
LF:19
LH:19
BRDA:35,0,0,14
BRDA:63,1,0,6
BRDA:63,1,1,1
BRDA:74,2,0,6
BRDA:74,2,1,1
BRF:5
BRH:5
end_of_record
TN:
SF:src/app/directives/scroll-reveal.directive.ts
FN:13,(anonymous_0)
FN:15,(anonymous_1)
FN:21,(anonymous_2)
FN:33,(anonymous_3)
FNF:4
FNH:3
FNDA:56,(anonymous_0)
FNDA:56,(anonymous_1)
FNDA:0,(anonymous_2)
FNDA:56,(anonymous_3)
DA:7,1
DA:8,56
DA:9,56
DA:13,56
DA:16,56
DA:17,56
DA:18,56
DA:20,56
DA:22,0
DA:23,0
DA:24,0
DA:30,56
DA:34,56
LF:13
LH:10
BRDA:22,0,0,0
BRF:1
BRH:0
end_of_record
TN:
SF:src/app/guards/auth.guard.ts
FN:5,(anonymous_0)
FNF:1
FNH:1
FNDA:2,(anonymous_0)
DA:5,1
DA:6,2
DA:7,2
DA:9,2
DA:10,1
DA:13,1
LF:6
LH:6
BRDA:9,0,0,1
BRF:1
BRH:1
end_of_record
TN:
SF:src/app/guards/plan-asistente.guard.ts
FN:5,(anonymous_0)
FNF:1
FNH:1
FNDA:3,(anonymous_0)
DA:5,1
DA:6,3
DA:7,3
DA:9,3
DA:10,3
DA:12,3
DA:13,2
DA:16,1
LF:8
LH:8
BRDA:10,0,0,3
BRDA:10,0,1,2
BRDA:12,1,0,2
BRF:3
BRH:3
end_of_record
TN:
SF:src/app/interceptors/jwt.interceptor.ts
FN:8,(anonymous_0)
FN:11,(anonymous_1)
FN:27,(anonymous_2)
FN:41,(anonymous_3)
FNF:4
FNH:4
FNDA:8,(anonymous_0)
FNDA:24,(anonymous_1)
FNDA:4,(anonymous_2)
FNDA:4,(anonymous_3)
DA:6,1
DA:8,1
DA:9,8
DA:11,8
DA:12,24
DA:15,8
DA:16,8
DA:18,8
DA:19,4
DA:26,8
DA:32,4
DA:33,4
DA:34,1
DA:35,1
DA:36,1
DA:37,1
DA:38,1
DA:39,1
DA:41,4
LF:19
LH:19
BRDA:18,0,0,4
BRDA:18,1,0,8
BRDA:18,1,1,6
BRDA:33,2,0,1
BRDA:33,3,0,4
BRDA:33,3,1,2
BRF:6
BRH:6
end_of_record
TN:
SF:src/app/pages/api-docs/api-docs.ts
FN:10,(anonymous_0)
FNF:1
FNH:1
FNDA:1,(anonymous_0)
DA:9,1
DA:11,1
DA:12,1
DA:13,0
LF:4
LH:3
BRDA:12,0,0,0
BRF:1
BRH:0
end_of_record
TN:
SF:src/app/pages/aviso-legal/aviso-legal.ts
FNF:0
FNH:0
DA:9,1
LF:1
LH:1
BRF:0
BRH:0
end_of_record
TN:
SF:src/app/pages/backups/backups.ts
FN:37,(anonymous_0)
FN:43,(anonymous_1)
FN:47,(anonymous_2)
FN:50,(anonymous_3)
FN:60,(anonymous_4)
FN:66,(anonymous_5)
FN:72,(anonymous_6)
FN:75,(anonymous_7)
FN:80,(anonymous_8)
FN:86,(anonymous_9)
FN:98,(anonymous_10)
FN:106,(anonymous_11)
FN:108,(anonymous_12)
FN:112,(anonymous_13)
FN:117,(anonymous_14)
FN:121,(anonymous_15)
FN:125,(anonymous_16)
FN:132,(anonymous_17)
FN:139,(anonymous_18)
FN:142,(anonymous_19)
FN:147,(anonymous_20)
FN:154,(anonymous_21)
FN:161,(anonymous_22)
FN:165,(anonymous_23)
FN:168,(anonymous_24)
FN:173,(anonymous_25)
FN:177,(anonymous_26)
FN:180,(anonymous_27)
FN:182,(anonymous_28)
FN:187,(anonymous_29)
FN:195,(anonymous_30)
FN:197,(anonymous_31)
FN:202,(anonymous_32)
FN:206,(anonymous_33)
FNF:34
FNH:34
FNDA:25,(anonymous_0)
FNDA:21,(anonymous_1)
FNDA:21,(anonymous_2)
FNDA:20,(anonymous_3)
FNDA:1,(anonymous_4)
FNDA:1,(anonymous_5)
FNDA:19,(anonymous_6)
FNDA:18,(anonymous_7)
FNDA:1,(anonymous_8)
FNDA:4,(anonymous_9)
FNDA:2,(anonymous_10)
FNDA:2,(anonymous_11)
FNDA:1,(anonymous_12)
FNDA:1,(anonymous_13)
FNDA:23,(anonymous_14)
FNDA:22,(anonymous_15)
FNDA:17,(anonymous_16)
FNDA:1,(anonymous_17)
FNDA:1,(anonymous_18)
FNDA:1,(anonymous_19)
FNDA:22,(anonymous_20)
FNDA:3,(anonymous_21)
FNDA:1,(anonymous_22)
FNDA:1,(anonymous_23)
FNDA:1,(anonymous_24)
FNDA:2,(anonymous_25)
FNDA:1,(anonymous_26)
FNDA:1,(anonymous_27)
FNDA:1,(anonymous_28)
FNDA:4,(anonymous_29)
FNDA:1,(anonymous_30)
FNDA:1,(anonymous_31)
FNDA:2,(anonymous_32)
FNDA:2,(anonymous_33)
DA:23,1
DA:24,25
DA:25,25
DA:26,25
DA:27,25
DA:28,25
DA:29,25
DA:30,25
DA:31,25
DA:32,25
DA:33,25
DA:35,25
DA:38,25
DA:39,25
DA:40,25
DA:44,21
DA:48,21
DA:49,21
DA:51,20
DA:52,20
DA:53,18
DA:54,18
DA:55,18
DA:57,2
DA:61,1
DA:67,1
DA:68,1
DA:69,1
DA:73,19
DA:74,19
DA:76,18
DA:77,18
DA:78,18
DA:81,1
DA:87,4
DA:88,4
DA:90,3
DA:91,3
DA:92,3
DA:94,3
DA:99,2
DA:100,2
DA:101,2
DA:102,1
DA:104,1
DA:106,2
DA:109,1
DA:110,1
DA:111,1
DA:112,1
DA:118,23
DA:119,23
DA:120,23
DA:122,22
DA:123,22
DA:124,22
DA:125,22
DA:126,22
DA:127,1
DA:129,21
DA:133,1
DA:134,1
DA:140,1
DA:141,1
DA:142,1
DA:143,1
DA:148,22
DA:149,1
DA:150,1
DA:155,3
DA:156,3
DA:158,2
DA:159,2
DA:160,2
DA:162,1
DA:163,1
DA:166,1
DA:167,1
DA:168,1
DA:174,2
DA:175,2
DA:176,2
DA:178,1
DA:181,1
DA:182,1
DA:188,4
DA:189,4
DA:191,3
DA:192,3
DA:194,3
DA:196,1
DA:197,1
DA:198,1
DA:199,1
DA:203,2
DA:204,2
DA:205,2
DA:206,2
LF:98
LH:98
BRDA:52,0,0,18
BRDA:52,0,1,2
BRDA:76,1,0,17
BRDA:76,1,1,1
BRDA:76,2,0,18
BRDA:76,2,1,18
BRDA:78,3,0,18
BRDA:78,3,1,0
BRDA:88,4,0,1
BRDA:101,5,0,1
BRDA:101,5,1,1
BRDA:110,6,0,0
BRDA:110,6,1,1
BRDA:122,7,0,1
BRDA:122,7,1,21
BRDA:122,8,0,21
BRDA:122,8,1,0
BRDA:122,9,0,21
BRDA:122,9,1,21
BRDA:126,10,0,1
BRDA:126,10,1,21
BRDA:140,11,0,0
BRDA:148,12,0,1
BRDA:156,13,0,1
BRDA:189,14,0,1
BRDA:204,15,0,1
BRDA:204,15,1,1
BRDA:204,16,0,2
BRDA:204,16,1,2
BRDA:204,16,2,2
BRF:30
BRH:26
end_of_record
TN:
SF:src/app/pages/billing/billing.ts
FN:55,(anonymous_0)
FN:64,(anonymous_1)
FN:66,(anonymous_2)
FN:70,(anonymous_3)
FN:76,(anonymous_4)
FN:82,(anonymous_5)
FN:84,(anonymous_6)
FN:106,(anonymous_7)
FN:110,(anonymous_8)
FN:114,(anonymous_9)
FN:122,(anonymous_10)
FN:125,(anonymous_11)
FN:131,(anonymous_12)
FN:137,(anonymous_13)
FN:143,(anonymous_14)
FN:151,(anonymous_15)
FN:153,(anonymous_16)
FN:161,(anonymous_17)
FN:171,(anonymous_18)
FN:175,(anonymous_19)
FN:178,(anonymous_20)
FNF:21
FNH:21
FNDA:18,(anonymous_0)
FNDA:21,(anonymous_1)
FNDA:26,(anonymous_2)
FNDA:18,(anonymous_3)
FNDA:18,(anonymous_4)
FNDA:20,(anonymous_5)
FNDA:60,(anonymous_6)
FNDA:23,(anonymous_7)
FNDA:23,(anonymous_8)
FNDA:23,(anonymous_9)
FNDA:23,(anonymous_10)
FNDA:21,(anonymous_11)
FNDA:2,(anonymous_12)
FNDA:1,(anonymous_13)
FNDA:23,(anonymous_14)
FNDA:6,(anonymous_15)
FNDA:5,(anonymous_16)
FNDA:1,(anonymous_17)
FNDA:1,(anonymous_18)
FNDA:1,(anonymous_19)
FNDA:1,(anonymous_20)
DA:34,1
DA:42,1
DA:43,18
DA:44,18
DA:46,18
DA:47,18
DA:48,18
DA:56,18
DA:57,18
DA:58,18
DA:59,18
DA:60,18
DA:62,18
DA:64,18
DA:65,21
DA:66,26
DA:67,21
DA:70,18
DA:71,18
DA:72,18
DA:73,18
DA:76,18
DA:77,18
DA:78,18
DA:79,18
DA:82,18
DA:83,20
DA:84,20
DA:85,60
DA:86,22
DA:88,38
DA:89,38
DA:95,20
DA:96,20
DA:97,20
DA:98,20
DA:107,23
DA:111,23
DA:113,23
DA:115,23
DA:116,23
DA:117,23
DA:123,23
DA:124,23
DA:126,21
DA:127,21
DA:128,21
DA:129,21
DA:131,21
DA:132,2
DA:133,2
DA:135,21
DA:138,1
DA:144,23
DA:145,19
DA:146,19
DA:148,4
DA:149,4
DA:150,4
DA:151,4
DA:152,6
DA:154,5
DA:155,5
DA:156,5
DA:157,5
DA:158,3
DA:162,1
DA:163,1
DA:164,1
DA:172,1
DA:176,1
DA:177,1
DA:178,1
DA:179,1
LF:74
LH:74
BRDA:67,0,0,21
BRDA:67,0,1,0
BRDA:85,1,0,22
BRDA:86,2,0,21
BRDA:86,2,1,1
BRDA:88,3,0,0
BRDA:88,3,1,38
BRDA:91,4,0,0
BRDA:91,4,1,38
BRDA:92,5,0,0
BRDA:92,5,1,38
BRDA:126,6,0,0
BRDA:126,6,1,21
BRDA:126,7,0,21
BRDA:126,7,1,0
BRDA:126,8,0,21
BRDA:126,8,1,21
BRDA:144,9,0,19
BRDA:154,10,0,0
BRDA:154,10,1,5
BRDA:154,11,0,5
BRDA:154,11,1,0
BRDA:154,12,0,5
BRDA:154,12,1,5
BRDA:157,13,0,3
BRDA:163,14,0,1
BRF:26
BRH:18
end_of_record
TN:
SF:src/app/pages/comunidad/comunidad.ts
FNF:0
FNH:0
DA:9,1
LF:1
LH:1
BRF:0
BRH:0
end_of_record
TN:
SF:src/app/pages/confirmar-free/confirmar-free.ts
FN:18,(anonymous_0)
FN:25,(anonymous_1)
FN:29,(anonymous_2)
FN:33,(anonymous_3)
FN:39,(anonymous_4)
FN:47,(anonymous_5)
FNF:6
FNH:6
FNDA:12,(anonymous_0)
FNDA:9,(anonymous_1)
FNDA:7,(anonymous_2)
FNDA:5,(anonymous_3)
FNDA:2,(anonymous_4)
FNDA:1,(anonymous_5)
DA:13,1
DA:19,12
DA:20,12
DA:21,12
DA:23,12
DA:25,12
DA:26,9
DA:29,12
DA:30,7
DA:33,12
DA:34,5
DA:35,5
DA:40,2
DA:41,1
DA:42,1
DA:44,1
DA:48,1
LF:17
LH:17
BRDA:30,0,0,7
BRDA:30,0,1,1
BRDA:35,1,0,5
BRDA:35,1,1,4
BRDA:35,1,2,3
BRDA:40,2,0,1
BRF:6
BRH:6
end_of_record
TN:
SF:src/app/pages/contacto/contacto.ts
FN:19,(anonymous_0)
FN:41,(anonymous_1)
FN:45,(anonymous_2)
FNF:3
FNH:2
FNDA:4,(anonymous_0)
FNDA:0,(anonymous_1)
FNDA:1,(anonymous_2)
DA:10,1
DA:11,8
DA:12,8
DA:13,8
DA:14,8
DA:15,8
DA:17,8
DA:20,4
DA:21,4
DA:22,4
DA:23,4
DA:25,4
DA:26,4
DA:27,3
DA:30,1
DA:31,1
DA:32,1
DA:34,1
DA:35,1
DA:42,0
DA:46,1
DA:47,1
DA:48,1
DA:49,1
DA:50,1
LF:25
LH:24
BRDA:25,0,0,4
BRDA:25,0,1,3
BRDA:25,0,2,2
BRDA:26,1,0,3
BRF:4
BRH:4
end_of_record
TN:
SF:src/app/pages/cuenta/cuenta.ts
FN:70,(anonymous_0)
FN:74,(anonymous_1)
FN:80,(anonymous_2)
FN:96,(anonymous_3)
FN:97,(anonymous_4)
FN:100,(anonymous_5)
FN:106,(anonymous_6)
FN:108,(anonymous_7)
FN:112,(anonymous_8)
FN:116,(anonymous_9)
FN:123,(anonymous_10)
FN:129,(anonymous_11)
FN:168,(anonymous_12)
FN:174,(anonymous_13)
FN:194,(anonymous_14)
FN:202,(anonymous_15)
FN:216,(anonymous_16)
FN:227,(anonymous_17)
FN:244,(anonymous_18)
FN:250,(anonymous_19)
FN:255,(anonymous_20)
FN:259,(anonymous_21)
FN:264,(anonymous_22)
FN:272,(anonymous_23)
FN:279,(anonymous_24)
FN:283,(anonymous_25)
FN:289,(anonymous_26)
FN:307,(anonymous_27)
FN:312,(anonymous_28)
FN:316,(anonymous_29)
FN:319,(anonymous_30)
FN:320,(anonymous_31)
FN:325,(anonymous_32)
FN:329,(anonymous_33)
FN:330,(anonymous_34)
FN:331,(anonymous_35)
FN:332,(anonymous_36)
FN:346,(anonymous_37)
FN:351,(anonymous_38)
FN:372,(anonymous_39)
FNF:40
FNH:40
FNDA:6,(anonymous_0)
FNDA:2,(anonymous_1)
FNDA:52,(anonymous_2)
FNDA:3,(anonymous_3)
FNDA:3,(anonymous_4)
FNDA:4,(anonymous_5)
FNDA:11,(anonymous_6)
FNDA:23,(anonymous_7)
FNDA:8,(anonymous_8)
FNDA:5,(anonymous_9)
FNDA:3,(anonymous_10)
FNDA:6,(anonymous_11)
FNDA:4,(anonymous_12)
FNDA:5,(anonymous_13)
FNDA:1,(anonymous_14)
FNDA:3,(anonymous_15)
FNDA:2,(anonymous_16)
FNDA:3,(anonymous_17)
FNDA:2,(anonymous_18)
FNDA:2,(anonymous_19)
FNDA:2,(anonymous_20)
FNDA:1,(anonymous_21)
FNDA:5,(anonymous_22)
FNDA:2,(anonymous_23)
FNDA:1,(anonymous_24)
FNDA:3,(anonymous_25)
FNDA:4,(anonymous_26)
FNDA:2,(anonymous_27)
FNDA:1,(anonymous_28)
FNDA:2,(anonymous_29)
FNDA:1,(anonymous_30)
FNDA:1,(anonymous_31)
FNDA:1,(anonymous_32)
FNDA:4,(anonymous_33)
FNDA:2,(anonymous_34)
FNDA:1,(anonymous_35)
FNDA:1,(anonymous_36)
FNDA:52,(anonymous_37)
FNDA:1,(anonymous_38)
FNDA:8,(anonymous_39)
DA:25,1
DA:26,1
DA:27,1
DA:35,1
DA:36,52
DA:37,52
DA:38,52
DA:39,52
DA:41,52
DA:42,52
DA:43,52
DA:44,52
DA:45,52
DA:46,52
DA:48,52
DA:49,52
DA:50,52
DA:51,52
DA:53,52
DA:54,52
DA:55,52
DA:57,52
DA:68,52
DA:70,52
DA:71,6
DA:74,52
DA:75,2
DA:76,2
DA:77,1
DA:81,52
DA:82,52
DA:83,52
DA:84,52
DA:85,52
DA:86,52
DA:87,52
DA:89,52
DA:90,52
DA:92,52
DA:94,52
DA:96,52
DA:97,3
DA:100,52
DA:101,4
DA:102,4
DA:103,2
DA:106,52
DA:107,11
DA:108,23
DA:109,11
DA:112,52
DA:113,8
DA:116,52
DA:117,5
DA:118,5
DA:119,2
DA:120,2
DA:123,52
DA:124,3
DA:125,3
DA:126,3
DA:129,52
DA:130,6
DA:131,6
DA:132,6
DA:137,6
DA:140,6
DA:143,6
DA:144,6
DA:168,52
DA:169,4
DA:170,4
DA:171,1
DA:174,52
DA:175,5
DA:176,5
DA:177,5
DA:178,5
DA:179,5
DA:180,5
DA:181,5
DA:182,1
DA:184,4
DA:186,5
DA:187,5
DA:188,5
DA:189,5
DA:195,1
DA:196,1
DA:197,1
DA:198,1
DA:199,1
DA:203,3
DA:205,3
DA:206,1
DA:207,1
DA:210,2
DA:211,1
DA:212,1
DA:217,2
DA:218,2
DA:219,2
DA:221,1
DA:223,2
DA:228,3
DA:229,3
DA:231,3
DA:233,2
DA:234,2
DA:236,2
DA:237,2
DA:238,1
DA:240,1
DA:242,2
DA:243,2
DA:244,2
DA:245,2
DA:251,2
DA:252,1
DA:256,2
DA:257,2
DA:258,2
DA:259,2
DA:260,1
DA:265,5
DA:266,5
DA:267,2
DA:268,2
DA:273,2
DA:274,2
DA:275,2
DA:276,2
DA:280,1
DA:284,3
DA:285,3
DA:286,3
DA:290,4
DA:291,4
DA:292,4
DA:293,1
DA:296,3
DA:297,3
DA:298,2
DA:301,2
DA:307,2
DA:308,2
DA:310,1
DA:311,1
DA:312,1
DA:317,2
DA:318,2
DA:319,1
DA:320,1
DA:323,1
DA:324,1
DA:325,1
DA:330,4
DA:331,4
DA:332,4
DA:334,4
DA:339,4
DA:340,4
DA:347,52
DA:349,51
DA:350,51
DA:351,51
DA:352,1
DA:355,1
DA:357,51
DA:362,51
DA:363,51
DA:364,50
DA:365,50
DA:366,50
DA:373,8
DA:374,8
DA:375,4
DA:376,4
DA:377,4
DA:378,3
LF:180
LH:180
BRDA:76,0,0,1
BRDA:102,1,0,2
BRDA:109,2,0,11
BRDA:109,2,1,1
BRDA:118,3,0,3
BRDA:132,4,0,1
BRDA:132,4,1,5
BRDA:134,5,0,2
BRDA:134,5,1,3
BRDA:137,6,0,1
BRDA:137,6,1,5
BRDA:140,7,0,4
BRDA:140,7,1,2
BRDA:148,8,0,1
BRDA:148,8,1,5
BRDA:148,9,0,2
BRDA:148,9,1,3
BRDA:158,10,0,4
BRDA:158,10,1,2
BRDA:170,11,0,3
BRDA:170,12,0,4
BRDA:170,12,1,2
BRDA:180,13,0,3
BRDA:181,14,0,1
BRDA:181,14,1,4
BRDA:186,15,0,3
BRDA:188,16,0,1
BRDA:205,17,0,1
BRDA:205,18,0,3
BRDA:205,18,1,1
BRDA:210,19,0,1
BRDA:210,20,0,2
BRDA:210,20,1,2
BRDA:231,21,0,1
BRDA:231,22,0,3
BRDA:231,22,1,2
BRDA:251,23,0,1
BRDA:266,24,0,2
BRDA:292,25,0,1
BRDA:292,26,0,4
BRDA:292,26,1,3
BRDA:298,27,0,1
BRDA:298,27,1,1
BRDA:330,28,0,2
BRDA:331,29,0,1
BRDA:332,30,0,1
BRDA:347,31,0,1
BRDA:351,32,0,51
BRDA:351,32,1,0
BRDA:352,33,0,0
BRDA:352,33,1,1
BRDA:374,34,0,4
BRDA:374,35,0,8
BRDA:374,35,1,6
BRDA:377,36,0,1
BRDA:377,37,0,4
BRDA:377,37,1,3
BRF:57
BRH:55
end_of_record
TN:
SF:src/app/pages/dashboard/dashboard.ts
FN:62,(anonymous_0)
FN:70,(anonymous_1)
FN:72,(anonymous_2)
FN:78,(anonymous_3)
FN:80,(anonymous_4)
FN:87,(anonymous_5)
FN:94,(anonymous_6)
FN:103,(anonymous_7)
FN:105,(anonymous_8)
FN:107,(anonymous_9)
FN:122,(anonymous_10)
FN:132,(anonymous_11)
FN:136,(anonymous_12)
FN:140,(anonymous_13)
FN:142,(anonymous_14)
FN:159,(anonymous_15)
FN:172,(anonymous_16)
FN:194,(anonymous_17)
FN:198,(anonymous_18)
FN:205,(anonymous_19)
FN:212,(anonymous_20)
FN:213,(anonymous_21)
FNF:22
FNH:22
FNDA:20,(anonymous_0)
FNDA:21,(anonymous_1)
FNDA:43,(anonymous_2)
FNDA:21,(anonymous_3)
FNDA:43,(anonymous_4)
FNDA:20,(anonymous_5)
FNDA:23,(anonymous_6)
FNDA:44,(anonymous_7)
FNDA:42,(anonymous_8)
FNDA:2,(anonymous_9)
FNDA:2,(anonymous_10)
FNDA:21,(anonymous_11)
FNDA:22,(anonymous_12)
FNDA:22,(anonymous_13)
FNDA:3,(anonymous_14)
FNDA:10,(anonymous_15)
FNDA:7,(anonymous_16)
FNDA:21,(anonymous_17)
FNDA:21,(anonymous_18)
FNDA:23,(anonymous_19)
FNDA:23,(anonymous_20)
FNDA:44,(anonymous_21)
DA:54,1
DA:55,20
DA:56,20
DA:57,20
DA:58,20
DA:63,20
DA:64,20
DA:65,20
DA:66,20
DA:68,20
DA:70,20
DA:71,21
DA:72,21
DA:73,43
DA:75,21
DA:78,20
DA:79,21
DA:80,21
DA:81,43
DA:83,21
DA:88,20
DA:89,20
DA:90,20
DA:91,20
DA:95,23
DA:96,1
DA:97,1
DA:99,22
DA:100,22
DA:101,22
DA:103,22
DA:104,44
DA:106,42
DA:107,42
DA:108,2
DA:117,42
DA:118,42
DA:119,21
DA:123,2
DA:124,2
DA:125,1
DA:133,21
DA:137,22
DA:139,22
DA:141,22
DA:142,22
DA:143,3
DA:144,3
DA:146,3
DA:152,3
DA:154,22
DA:160,10
DA:161,3
DA:163,7
DA:164,2
DA:166,5
DA:167,3
DA:169,2
DA:173,7
DA:174,7
DA:175,7
DA:176,7
DA:178,7
DA:179,4
DA:181,3
DA:182,1
DA:185,2
DA:186,2
DA:187,1
DA:190,1
DA:191,1
DA:195,21
DA:197,21
DA:199,21
DA:200,21
DA:206,23
DA:211,23
DA:213,23
DA:214,44
DA:220,44
DA:222,23
DA:223,23
LF:82
LH:82
BRDA:95,0,0,1
BRDA:106,1,0,0
BRDA:106,1,1,42
BRDA:106,2,0,42
BRDA:106,2,1,0
BRDA:106,3,0,42
BRDA:106,3,1,42
BRDA:111,4,0,1
BRDA:111,4,1,1
BRDA:112,5,0,2
BRDA:112,5,1,0
BRDA:114,6,0,1
BRDA:114,6,1,1
BRDA:118,7,0,21
BRDA:124,8,0,1
BRDA:141,9,0,1
BRDA:141,9,1,21
BRDA:141,10,0,21
BRDA:141,10,1,0
BRDA:141,11,0,21
BRDA:141,11,1,21
BRDA:160,12,0,3
BRDA:160,13,0,10
BRDA:160,13,1,8
BRDA:163,14,0,2
BRDA:166,15,0,3
BRDA:166,16,0,5
BRDA:166,16,1,3
BRDA:178,17,0,4
BRDA:181,18,0,1
BRDA:186,19,0,1
BRDA:199,20,0,0
BRDA:199,20,1,21
BRDA:199,21,0,21
BRDA:199,21,1,0
BRDA:199,22,0,21
BRDA:199,22,1,21
BRDA:218,23,0,22
BRDA:218,23,1,22
BRF:39
BRH:33
end_of_record
TN:
SF:src/app/pages/documentacion/documentacion.ts
FNF:0
FNH:0
DA:9,1
LF:1
LH:1
BRF:0
BRH:0
end_of_record
TN:
SF:src/app/pages/estado/estado.ts
FN:29,(anonymous_0)
FN:31,(anonymous_1)
FN:33,(anonymous_2)
FN:36,(anonymous_3)
FN:42,(anonymous_4)
FN:46,(anonymous_5)
FN:49,(anonymous_6)
FN:54,(anonymous_7)
FN:75,(anonymous_8)
FNF:9
FNH:9
FNDA:10,(anonymous_0)
FNDA:7,(anonymous_1)
FNDA:1,(anonymous_2)
FNDA:12,(anonymous_3)
FNDA:1,(anonymous_4)
FNDA:9,(anonymous_5)
FNDA:8,(anonymous_6)
FNDA:1,(anonymous_7)
FNDA:16,(anonymous_8)
DA:22,1
DA:23,10
DA:24,10
DA:25,10
DA:27,10
DA:29,10
DA:32,7
DA:33,7
DA:37,12
DA:38,8
DA:43,1
DA:47,9
DA:48,9
DA:50,8
DA:51,8
DA:52,8
DA:55,1
DA:56,1
DA:68,1
DA:69,1
DA:70,1
DA:76,16
DA:77,16
DA:78,15
DA:80,1
DA:81,1
LF:26
LH:26
BRDA:37,0,0,8
BRDA:77,1,0,15
BRF:2
BRH:2
end_of_record
TN:
SF:src/app/pages/firewall/firewall.ts
FN:39,(anonymous_0)
FN:45,(anonymous_1)
FN:49,(anonymous_2)
FN:52,(anonymous_3)
FN:61,(anonymous_4)
FN:67,(anonymous_5)
FN:72,(anonymous_6)
FN:76,(anonymous_7)
FN:82,(anonymous_8)
FN:89,(anonymous_9)
FN:93,(anonymous_10)
FN:97,(anonymous_11)
FN:101,(anonymous_12)
FN:105,(anonymous_13)
FN:109,(anonymous_14)
FN:113,(anonymous_15)
FN:126,(anonymous_16)
FN:130,(anonymous_17)
FN:133,(anonymous_18)
FN:138,(anonymous_19)
FN:142,(anonymous_20)
FN:148,(anonymous_21)
FN:163,(anonymous_22)
FN:168,(anonymous_23)
FN:171,(anonymous_24)
FN:176,(anonymous_25)
FN:180,(anonymous_26)
FN:183,(anonymous_27)
FN:185,(anonymous_28)
FNF:29
FNH:29
FNDA:25,(anonymous_0)
FNDA:20,(anonymous_1)
FNDA:20,(anonymous_2)
FNDA:19,(anonymous_3)
FNDA:1,(anonymous_4)
FNDA:1,(anonymous_5)
FNDA:25,(anonymous_6)
FNDA:24,(anonymous_7)
FNDA:1,(anonymous_8)
FNDA:1,(anonymous_9)
FNDA:1,(anonymous_10)
FNDA:1,(anonymous_11)
FNDA:1,(anonymous_12)
FNDA:1,(anonymous_13)
FNDA:9,(anonymous_14)
FNDA:8,(anonymous_15)
FNDA:5,(anonymous_16)
FNDA:1,(anonymous_17)
FNDA:1,(anonymous_18)
FNDA:2,(anonymous_19)
FNDA:2,(anonymous_20)
FNDA:4,(anonymous_21)
FNDA:1,(anonymous_22)
FNDA:1,(anonymous_23)
FNDA:1,(anonymous_24)
FNDA:2,(anonymous_25)
FNDA:1,(anonymous_26)
FNDA:1,(anonymous_27)
FNDA:1,(anonymous_28)
DA:23,1
DA:24,25
DA:25,25
DA:26,25
DA:27,25
DA:28,25
DA:29,25
DA:30,25
DA:31,25
DA:33,25
DA:34,25
DA:35,25
DA:36,25
DA:37,25
DA:40,25
DA:41,25
DA:42,25
DA:46,20
DA:50,20
DA:51,20
DA:53,19
DA:54,19
DA:55,17
DA:56,17
DA:58,2
DA:62,1
DA:68,1
DA:69,1
DA:73,25
DA:74,25
DA:75,25
DA:77,24
DA:78,24
DA:79,24
DA:80,24
DA:83,1
DA:84,1
DA:90,1
DA:94,1
DA:98,1
DA:102,1
DA:106,1
DA:110,9
DA:111,9
DA:113,8
DA:114,8
DA:116,6
DA:117,6
DA:118,6
DA:127,5
DA:128,5
DA:131,1
DA:132,1
DA:133,1
DA:139,2
DA:143,2
DA:144,2
DA:145,2
DA:149,4
DA:150,4
DA:151,4
DA:153,2
DA:154,2
DA:155,2
DA:164,1
DA:165,1
DA:166,1
DA:169,1
DA:170,1
DA:171,1
DA:177,2
DA:178,2
DA:179,2
DA:181,1
DA:184,1
DA:185,1
LF:76
LH:76
BRDA:54,0,0,17
BRDA:54,0,1,2
BRDA:77,1,0,1
BRDA:77,1,1,23
BRDA:77,2,0,23
BRDA:77,2,1,0
BRDA:77,3,0,23
BRDA:77,3,1,23
BRDA:111,4,0,1
BRDA:114,5,0,2
BRDA:151,6,0,2
BRDA:151,7,0,4
BRDA:151,7,1,3
BRF:13
BRH:12
end_of_record
TN:
SF:src/app/pages/gestion-servidor/gestion-servidor.ts
FN:69,(anonymous_0)
FN:77,calcularMetricaActual
FN:90,calcularPorcentajeRam
FN:99,calcularCpuValor
FN:107,calcularRamValor
FN:115,calcularDiscoValor
FN:123,calcularSinDatos
FN:128,(anonymous_7)
FN:138,(anonymous_8)
FN:157,(anonymous_9)
FN:161,(anonymous_10)
FN:165,(anonymous_11)
FN:167,(anonymous_12)
FN:179,(anonymous_13)
FN:185,(anonymous_14)
FN:189,(anonymous_15)
FN:200,(anonymous_16)
FN:204,(anonymous_17)
FN:211,(anonymous_18)
FN:216,(anonymous_19)
FN:222,(anonymous_20)
FN:230,(anonymous_21)
FN:232,(anonymous_22)
FN:235,(anonymous_23)
FN:242,(anonymous_24)
FNF:25
FNH:25
FNDA:16,(anonymous_0)
FNDA:19,calcularMetricaActual
FNDA:18,calcularPorcentajeRam
FNDA:17,calcularCpuValor
FNDA:17,calcularRamValor
FNDA:17,calcularDiscoValor
FNDA:17,calcularSinDatos
FNDA:16,(anonymous_7)
FNDA:2,(anonymous_8)
FNDA:17,(anonymous_9)
FNDA:4,(anonymous_10)
FNDA:3,(anonymous_11)
FNDA:4,(anonymous_12)
FNDA:1,(anonymous_13)
FNDA:3,(anonymous_14)
FNDA:3,(anonymous_15)
FNDA:4,(anonymous_16)
FNDA:4,(anonymous_17)
FNDA:1,(anonymous_18)
FNDA:1,(anonymous_19)
FNDA:3,(anonymous_20)
FNDA:2,(anonymous_21)
FNDA:2,(anonymous_22)
FNDA:2,(anonymous_23)
FNDA:1,(anonymous_24)
DA:48,1
DA:49,16
DA:50,16
DA:51,16
DA:52,16
DA:53,16
DA:54,16
DA:55,16
DA:57,16
DA:58,16
DA:59,16
DA:60,16
DA:70,16
DA:71,16
DA:72,16
DA:73,16
DA:75,16
DA:77,16
DA:78,19
DA:79,19
DA:80,14
DA:82,5
DA:83,5
DA:84,5
DA:85,3
DA:87,2
DA:90,16
DA:91,18
DA:92,18
DA:93,17
DA:95,1
DA:96,1
DA:99,16
DA:100,17
DA:101,17
DA:102,16
DA:104,1
DA:107,16
DA:108,17
DA:109,17
DA:110,16
DA:112,1
DA:115,16
DA:116,17
DA:117,17
DA:118,16
DA:120,1
DA:123,16
DA:124,17
DA:129,16
DA:130,16
DA:131,14
DA:134,2
DA:135,2
DA:137,2
DA:139,2
DA:140,2
DA:141,2
DA:142,2
DA:144,2
DA:145,2
DA:147,2
DA:148,2
DA:149,2
DA:153,2
DA:154,2
DA:158,17
DA:162,4
DA:164,4
DA:166,3
DA:167,3
DA:168,4
DA:177,3
DA:180,1
DA:186,3
DA:188,3
DA:190,3
DA:191,3
DA:192,2
DA:194,3
DA:195,3
DA:201,4
DA:203,4
DA:205,4
DA:206,4
DA:212,1
DA:213,1
DA:215,1
DA:217,1
DA:223,3
DA:224,3
DA:226,3
DA:227,3
DA:229,3
DA:231,2
DA:232,2
DA:233,2
DA:234,2
DA:236,2
DA:237,2
DA:243,1
DA:244,1
LF:102
LH:102
BRDA:79,0,0,14
BRDA:84,1,0,3
BRDA:92,2,0,17
BRDA:92,3,0,18
BRDA:92,3,1,2
BRDA:101,4,0,16
BRDA:109,5,0,16
BRDA:117,6,0,16
BRDA:130,7,0,14
BRDA:144,8,0,1
BRDA:144,8,1,1
BRDA:166,9,0,1
BRDA:166,9,1,2
BRDA:166,10,0,2
BRDA:166,10,1,0
BRDA:166,11,0,2
BRDA:166,11,1,2
BRDA:171,12,0,2
BRDA:171,12,1,2
BRDA:171,13,0,1
BRDA:171,13,1,1
BRDA:172,14,0,4
BRDA:172,14,1,3
BRDA:174,15,0,2
BRDA:174,15,1,2
BRDA:190,16,0,1
BRDA:190,16,1,2
BRDA:190,17,0,2
BRDA:190,17,1,0
BRDA:190,18,0,2
BRDA:190,18,1,2
BRDA:191,19,0,2
BRDA:205,20,0,1
BRDA:205,20,1,3
BRDA:205,21,0,3
BRDA:205,21,1,0
BRDA:205,22,0,3
BRDA:205,22,1,3
BRDA:236,23,0,1
BRDA:236,23,1,1
BRF:40
BRH:37
end_of_record
TN:
SF:src/app/pages/home/home.ts
FN:18,(anonymous_0)
FN:24,(anonymous_1)
FN:31,(anonymous_2)
FNF:3
FNH:3
FNDA:4,(anonymous_0)
FNDA:4,(anonymous_1)
FNDA:4,(anonymous_2)
DA:14,1
DA:19,4
DA:20,4
DA:22,4
DA:24,4
DA:25,4
DA:26,0
DA:28,4
DA:31,4
DA:32,4
LF:10
LH:9
BRDA:25,0,0,0
BRDA:28,1,0,4
BRDA:28,1,1,0
BRF:3
BRH:1
end_of_record
TN:
SF:src/app/pages/login/login.ts
FN:30,(anonymous_0)
FN:37,(anonymous_1)
FN:38,(anonymous_2)
FN:44,(anonymous_3)
FN:50,(anonymous_4)
FN:68,(anonymous_5)
FN:95,(anonymous_6)
FNF:7
FNH:6
FNDA:8,(anonymous_0)
FNDA:2,(anonymous_1)
FNDA:2,(anonymous_2)
FNDA:98,(anonymous_3)
FNDA:0,(anonymous_4)
FNDA:5,(anonymous_5)
FNDA:8,(anonymous_6)
DA:14,1
DA:16,8
DA:17,8
DA:22,8
DA:23,8
DA:24,8
DA:25,8
DA:26,8
DA:28,8
DA:31,8
DA:32,8
DA:33,8
DA:34,8
DA:38,2
DA:39,2
DA:45,98
DA:46,98
DA:51,0
DA:52,0
DA:53,0
DA:55,0
DA:56,0
DA:57,0
DA:59,0
DA:60,0
DA:62,0
DA:63,0
DA:65,0
DA:69,5
DA:71,5
DA:72,3
DA:73,3
DA:74,3
DA:75,3
DA:78,2
DA:80,2
DA:81,2
DA:83,2
DA:84,2
DA:85,1
DA:86,1
DA:88,1
DA:89,1
DA:91,2
DA:96,8
DA:97,8
LF:46
LH:35
BRDA:46,0,0,98
BRDA:46,0,1,98
BRDA:46,0,2,96
BRDA:52,1,0,0
BRDA:55,2,0,0
BRDA:56,3,0,0
BRDA:56,3,1,0
BRDA:59,4,0,0
BRDA:59,5,0,0
BRDA:59,5,1,0
BRDA:62,6,0,0
BRDA:62,7,0,0
BRDA:62,7,1,0
BRDA:71,8,0,3
BRDA:88,9,0,1
BRDA:88,9,1,0
BRF:16
BRH:5
end_of_record
TN:
SF:src/app/pages/logs-terminal/logs-terminal.ts
FN:43,(anonymous_0)
FN:50,(anonymous_1)
FN:57,(anonymous_2)
FN:62,(anonymous_3)
FN:63,(anonymous_4)
FN:69,(anonymous_5)
FN:76,(anonymous_6)
FN:99,(anonymous_7)
FN:107,(anonymous_8)
FN:111,(anonymous_9)
FN:117,(anonymous_10)
FN:125,(anonymous_11)
FN:129,(anonymous_12)
FN:131,(anonymous_13)
FN:143,(anonymous_14)
FN:148,(anonymous_15)
FN:149,(anonymous_16)
FN:155,(anonymous_17)
FN:161,(anonymous_18)
FN:185,(anonymous_19)
FN:189,(anonymous_20)
FN:193,(anonymous_21)
FN:206,(anonymous_22)
FN:218,(anonymous_23)
FN:222,(anonymous_24)
FN:234,(anonymous_25)
FN:239,(anonymous_26)
FN:246,(anonymous_27)
FN:248,(anonymous_28)
FN:258,(anonymous_29)
FN:268,(anonymous_30)
FNF:31
FNH:26
FNDA:20,(anonymous_0)
FNDA:3,(anonymous_1)
FNDA:3,(anonymous_2)
FNDA:2,(anonymous_3)
FNDA:2,(anonymous_4)
FNDA:1,(anonymous_5)
FNDA:6,(anonymous_6)
FNDA:5,(anonymous_7)
FNDA:3,(anonymous_8)
FNDA:2,(anonymous_9)
FNDA:2,(anonymous_10)
FNDA:6,(anonymous_11)
FNDA:1,(anonymous_12)
FNDA:2,(anonymous_13)
FNDA:3,(anonymous_14)
FNDA:2,(anonymous_15)
FNDA:4,(anonymous_16)
FNDA:1,(anonymous_17)
FNDA:0,(anonymous_18)
FNDA:0,(anonymous_19)
FNDA:0,(anonymous_20)
FNDA:0,(anonymous_21)
FNDA:0,(anonymous_22)
FNDA:3,(anonymous_23)
FNDA:3,(anonymous_24)
FNDA:3,(anonymous_25)
FNDA:2,(anonymous_26)
FNDA:2,(anonymous_27)
FNDA:3,(anonymous_28)
FNDA:1,(anonymous_29)
FNDA:21,(anonymous_30)
DA:24,1
DA:28,20
DA:29,20
DA:30,20
DA:31,20
DA:32,20
DA:33,20
DA:34,20
DA:36,20
DA:38,20
DA:39,20
DA:40,20
DA:41,20
DA:44,20
DA:45,20
DA:46,20
DA:48,20
DA:50,20
DA:51,3
DA:52,3
DA:53,3
DA:58,3
DA:59,3
DA:61,3
DA:63,2
DA:64,2
DA:66,2
DA:67,2
DA:70,1
DA:71,1
DA:77,6
DA:78,6
DA:88,6
DA:89,6
DA:91,6
DA:100,5
DA:101,5
DA:102,5
DA:104,5
DA:106,5
DA:107,1
DA:108,3
DA:110,4
DA:111,1
DA:112,2
DA:116,5
DA:117,1
DA:118,2
DA:122,5
DA:126,6
DA:130,1
DA:131,1
DA:132,2
DA:135,1
DA:136,1
DA:137,1
DA:138,1
DA:139,1
DA:140,1
DA:144,3
DA:145,3
DA:147,3
DA:149,2
DA:150,4
DA:152,2
DA:153,2
DA:156,1
DA:162,0
DA:163,0
DA:166,0
DA:168,0
DA:180,0
DA:181,0
DA:182,0
DA:183,0
DA:185,0
DA:186,0
DA:189,0
DA:190,0
DA:191,0
DA:193,0
DA:194,0
DA:195,0
DA:197,0
DA:198,0
DA:199,0
DA:200,0
DA:201,0
DA:206,0
DA:207,0
DA:208,0
DA:209,0
DA:215,0
DA:219,3
DA:221,3
DA:223,3
DA:225,3
DA:226,1
DA:227,1
DA:228,1
DA:235,3
DA:236,3
DA:237,1
DA:239,2
DA:240,2
DA:241,1
DA:243,1
DA:247,2
DA:248,3
DA:249,2
DA:250,1
DA:251,1
DA:252,1
DA:254,1
DA:255,1
DA:259,1
DA:260,1
DA:262,1
DA:263,0
DA:265,1
DA:269,21
DA:271,21
DA:272,0
DA:273,0
DA:276,21
DA:277,0
DA:278,0
DA:281,21
DA:282,0
DA:283,0
DA:286,21
LF:131
LH:98
BRDA:77,0,0,6
BRDA:77,0,1,0
BRDA:88,1,0,6
BRDA:88,1,1,1
BRDA:89,2,0,6
BRDA:89,2,1,0
BRDA:92,3,0,6
BRDA:92,3,1,0
BRDA:95,4,0,6
BRDA:95,4,1,5
BRDA:106,5,0,1
BRDA:106,5,1,4
BRDA:108,6,0,3
BRDA:108,6,1,2
BRDA:110,7,0,1
BRDA:116,8,0,1
BRDA:162,9,0,0
BRDA:162,10,0,0
BRDA:162,10,1,0
BRDA:190,11,0,0
BRDA:194,12,0,0
BRDA:199,13,0,0
BRDA:207,14,0,0
BRDA:207,15,0,0
BRDA:207,15,1,0
BRDA:225,16,0,1
BRDA:236,17,0,1
BRDA:240,18,0,1
BRDA:249,19,0,1
BRDA:262,20,0,0
BRDA:271,21,0,0
BRDA:276,22,0,0
BRDA:281,23,0,0
BRF:33
BRH:17
end_of_record
TN:
SF:src/app/pages/manifiesto-precios/manifiesto-precios.ts
FNF:0
FNH:0
DA:10,1
LF:1
LH:1
BRF:0
BRH:0
end_of_record
TN:
SF:src/app/pages/networking/networking.ts
FN:81,(anonymous_0)
FN:87,(anonymous_1)
FN:91,(anonymous_2)
FN:96,(anonymous_3)
FN:103,(anonymous_4)
FN:109,(anonymous_5)
FN:120,(anonymous_6)
FN:122,(anonymous_7)
FN:124,(anonymous_8)
FN:142,(anonymous_9)
FN:153,(anonymous_10)
FN:157,(anonymous_11)
FN:163,(anonymous_12)
FN:181,(anonymous_13)
FN:186,(anonymous_14)
FN:189,(anonymous_15)
FN:194,(anonymous_16)
FN:197,(anonymous_17)
FN:200,(anonymous_18)
FN:202,(anonymous_19)
FN:207,(anonymous_20)
FN:212,(anonymous_21)
FN:218,(anonymous_22)
FN:221,(anonymous_23)
FN:223,(anonymous_24)
FN:228,(anonymous_25)
FN:232,(anonymous_26)
FN:237,(anonymous_27)
FN:244,(anonymous_28)
FN:254,(anonymous_29)
FN:259,(anonymous_30)
FN:268,(anonymous_31)
FN:289,(anonymous_32)
FN:297,(anonymous_33)
FN:305,(anonymous_34)
FN:311,(anonymous_35)
FN:317,(anonymous_36)
FN:322,(anonymous_37)
FN:329,(anonymous_38)
FN:343,(anonymous_39)
FN:349,(anonymous_40)
FN:352,(anonymous_41)
FN:357,(anonymous_42)
FN:360,(anonymous_43)
FN:361,(anonymous_44)
FN:363,(anonymous_45)
FNF:46
FNH:46
FNDA:33,(anonymous_0)
FNDA:6,(anonymous_1)
FNDA:9,(anonymous_2)
FNDA:8,(anonymous_3)
FNDA:1,(anonymous_4)
FNDA:8,(anonymous_5)
FNDA:6,(anonymous_6)
FNDA:5,(anonymous_7)
FNDA:1,(anonymous_8)
FNDA:1,(anonymous_9)
FNDA:1,(anonymous_10)
FNDA:2,(anonymous_11)
FNDA:4,(anonymous_12)
FNDA:1,(anonymous_13)
FNDA:1,(anonymous_14)
FNDA:1,(anonymous_15)
FNDA:2,(anonymous_16)
FNDA:1,(anonymous_17)
FNDA:1,(anonymous_18)
FNDA:1,(anonymous_19)
FNDA:3,(anonymous_20)
FNDA:1,(anonymous_21)
FNDA:4,(anonymous_22)
FNDA:3,(anonymous_23)
FNDA:2,(anonymous_24)
FNDA:1,(anonymous_25)
FNDA:1,(anonymous_26)
FNDA:1,(anonymous_27)
FNDA:2,(anonymous_28)
FNDA:1,(anonymous_29)
FNDA:4,(anonymous_30)
FNDA:2,(anonymous_31)
FNDA:1,(anonymous_32)
FNDA:1,(anonymous_33)
FNDA:1,(anonymous_34)
FNDA:6,(anonymous_35)
FNDA:4,(anonymous_36)
FNDA:1,(anonymous_37)
FNDA:5,(anonymous_38)
FNDA:1,(anonymous_39)
FNDA:1,(anonymous_40)
FNDA:1,(anonymous_41)
FNDA:2,(anonymous_42)
FNDA:1,(anonymous_43)
FNDA:1,(anonymous_44)
FNDA:1,(anonymous_45)
DA:51,1
DA:52,33
DA:53,33
DA:54,33
DA:56,33
DA:57,33
DA:58,33
DA:59,33
DA:60,33
DA:62,33
DA:63,33
DA:64,33
DA:66,33
DA:67,33
DA:68,33
DA:69,33
DA:70,33
DA:72,33
DA:73,33
DA:74,33
DA:75,33
DA:76,33
DA:77,33
DA:78,33
DA:79,33
DA:82,33
DA:83,33
DA:84,33
DA:88,6
DA:92,9
DA:93,9
DA:95,9
DA:97,8
DA:98,8
DA:99,3
DA:101,8
DA:104,1
DA:110,8
DA:111,5
DA:112,5
DA:113,5
DA:116,3
DA:117,3
DA:118,3
DA:120,3
DA:121,6
DA:123,5
DA:124,5
DA:125,1
DA:136,5
DA:137,5
DA:138,3
DA:139,3
DA:143,1
DA:144,1
DA:145,0
DA:146,0
DA:154,1
DA:158,2
DA:159,2
DA:160,2
DA:164,4
DA:165,4
DA:166,4
DA:167,2
DA:170,2
DA:171,2
DA:173,2
DA:180,2
DA:182,1
DA:183,1
DA:184,1
DA:187,1
DA:188,1
DA:189,1
DA:195,2
DA:196,2
DA:198,1
DA:201,1
DA:202,1
DA:208,3
DA:209,3
DA:210,1
DA:211,1
DA:212,1
DA:213,1
DA:215,2
DA:216,2
DA:217,2
DA:218,4
DA:219,2
DA:221,2
DA:222,3
DA:224,2
DA:225,2
DA:226,1
DA:227,1
DA:228,1
DA:229,1
DA:233,1
DA:234,1
DA:235,1
DA:236,1
DA:237,1
DA:245,2
DA:246,2
DA:247,2
DA:248,2
DA:249,2
DA:250,1
DA:255,1
DA:256,1
DA:260,4
DA:261,4
DA:263,3
DA:264,3
DA:265,3
DA:267,3
DA:269,2
DA:270,2
DA:278,2
DA:279,2
DA:287,2
DA:290,1
DA:291,1
DA:292,1
DA:298,1
DA:299,1
DA:300,1
DA:302,1
DA:306,1
DA:307,1
DA:308,1
DA:312,6
DA:313,6
DA:314,5
DA:315,5
DA:316,5
DA:318,4
DA:319,4
DA:320,4
DA:323,1
DA:324,1
DA:330,5
DA:331,5
DA:332,5
DA:333,5
DA:335,2
DA:336,2
DA:337,2
DA:344,1
DA:345,1
DA:346,1
DA:347,1
DA:350,1
DA:351,1
DA:352,1
DA:358,2
DA:359,2
DA:360,1
DA:362,1
DA:363,1
LF:162
LH:160
BRDA:98,0,0,3
BRDA:98,1,0,8
BRDA:98,1,1,3
BRDA:110,2,0,5
BRDA:123,3,0,0
BRDA:123,3,1,5
BRDA:123,4,0,5
BRDA:123,4,1,0
BRDA:123,5,0,5
BRDA:123,5,1,5
BRDA:130,6,0,1
BRDA:130,6,1,0
BRDA:131,7,0,1
BRDA:131,7,1,0
BRDA:137,8,0,3
BRDA:144,9,0,0
BRDA:166,10,0,2
BRDA:166,11,0,4
BRDA:166,11,1,3
BRDA:177,12,0,2
BRDA:177,12,1,1
BRDA:209,13,0,1
BRDA:225,14,0,1
BRDA:234,15,0,1
BRDA:248,16,0,1
BRDA:248,16,1,1
BRDA:249,17,0,1
BRDA:260,18,0,4
BRDA:260,18,1,1
BRDA:261,19,0,1
BRDA:269,20,0,1
BRDA:269,20,1,1
BRDA:269,21,0,2
BRDA:269,21,1,2
BRDA:271,22,0,2
BRDA:271,22,1,1
BRDA:271,22,2,1
BRDA:272,23,0,2
BRDA:272,23,1,1
BRDA:272,23,2,1
BRDA:273,24,0,2
BRDA:273,24,1,1
BRDA:273,24,2,1
BRDA:274,25,0,2
BRDA:274,25,1,1
BRDA:274,25,2,1
BRDA:275,26,0,2
BRDA:275,26,1,1
BRDA:275,26,2,1
BRDA:276,27,0,2
BRDA:276,27,1,1
BRDA:276,27,2,1
BRDA:299,28,0,1
BRDA:299,29,0,1
BRDA:299,29,1,1
BRDA:313,30,0,1
BRDA:318,31,0,1
BRDA:318,31,1,3
BRDA:318,32,0,3
BRDA:318,32,1,0
BRDA:318,33,0,3
BRDA:318,33,1,3
BRDA:333,34,0,3
BRDA:333,35,0,5
BRDA:333,35,1,4
BRDA:333,35,2,3
BRF:66
BRH:60
end_of_record
TN:
SF:src/app/pages/nuevo-despliegue/nuevo-despliegue.ts
FN:43,(anonymous_0)
FN:64,(anonymous_1)
FN:68,(anonymous_2)
FN:71,(anonymous_3)
FN:80,(anonymous_4)
FN:84,(anonymous_5)
FN:90,(anonymous_6)
FN:91,(anonymous_7)
FN:96,(anonymous_8)
FN:101,(anonymous_9)
FN:106,(anonymous_10)
FN:115,(anonymous_11)
FN:122,(anonymous_12)
FN:137,(anonymous_13)
FN:143,(anonymous_14)
FN:153,(anonymous_15)
FN:169,(anonymous_16)
FN:190,(anonymous_17)
FN:193,(anonymous_18)
FN:197,(anonymous_19)
FN:205,(anonymous_20)
FN:230,(anonymous_21)
FN:239,(anonymous_22)
FN:244,(anonymous_23)
FN:253,(anonymous_24)
FNF:25
FNH:25
FNDA:32,(anonymous_0)
FNDA:32,(anonymous_1)
FNDA:32,(anonymous_2)
FNDA:32,(anonymous_3)
FNDA:1,(anonymous_4)
FNDA:6,(anonymous_5)
FNDA:1,(anonymous_6)
FNDA:1,(anonymous_7)
FNDA:1,(anonymous_8)
FNDA:1,(anonymous_9)
FNDA:4,(anonymous_10)
FNDA:2,(anonymous_11)
FNDA:4,(anonymous_12)
FNDA:1,(anonymous_13)
FNDA:3,(anonymous_14)
FNDA:9,(anonymous_15)
FNDA:4,(anonymous_16)
FNDA:1,(anonymous_17)
FNDA:1,(anonymous_18)
FNDA:1,(anonymous_19)
FNDA:4,(anonymous_20)
FNDA:4,(anonymous_21)
FNDA:1,(anonymous_22)
FNDA:1,(anonymous_23)
FNDA:1,(anonymous_24)
DA:21,1
DA:22,32
DA:23,32
DA:24,32
DA:25,32
DA:26,32
DA:27,32
DA:28,32
DA:29,32
DA:30,32
DA:31,32
DA:32,32
DA:33,32
DA:34,32
DA:36,32
DA:37,32
DA:38,32
DA:39,32
DA:41,32
DA:44,32
DA:45,32
DA:46,32
DA:47,32
DA:54,32
DA:61,32
DA:65,32
DA:69,32
DA:70,32
DA:72,32
DA:73,32
DA:74,1
DA:81,1
DA:85,6
DA:86,6
DA:87,6
DA:91,1
DA:92,1
DA:97,1
DA:98,1
DA:102,1
DA:103,1
DA:107,4
DA:108,4
DA:109,4
DA:110,4
DA:111,3
DA:116,2
DA:117,2
DA:118,1
DA:123,4
DA:124,4
DA:125,1
DA:126,1
DA:128,3
DA:129,3
DA:130,1
DA:131,1
DA:133,2
DA:134,2
DA:138,1
DA:139,1
DA:140,1
DA:144,3
DA:145,1
DA:147,2
DA:148,1
DA:150,1
DA:154,9
DA:155,9
DA:157,9
DA:158,1
DA:159,1
DA:162,8
DA:163,4
DA:165,4
DA:170,4
DA:171,1
DA:172,1
DA:174,3
DA:175,1
DA:176,1
DA:179,2
DA:180,2
DA:181,2
DA:189,2
DA:191,1
DA:192,1
DA:193,1
DA:194,1
DA:198,1
DA:199,1
DA:200,1
DA:206,4
DA:207,4
DA:208,1
DA:209,1
DA:211,3
DA:212,1
DA:213,1
DA:216,2
DA:217,2
DA:218,2
DA:220,2
DA:221,2
DA:222,2
DA:223,2
DA:224,2
DA:226,2
DA:231,4
DA:232,1
DA:233,1
DA:235,4
DA:236,1
DA:237,1
DA:238,1
DA:239,1
DA:240,1
DA:245,1
DA:246,1
DA:247,1
DA:248,1
DA:254,1
LF:122
LH:122
BRDA:73,0,0,1
BRDA:73,1,0,32
BRDA:73,1,1,1
BRDA:110,2,0,3
BRDA:110,3,0,4
BRDA:110,3,1,4
BRDA:117,4,0,1
BRDA:117,5,0,2
BRDA:117,5,1,1
BRDA:124,6,0,1
BRDA:129,7,0,1
BRDA:144,8,0,1
BRDA:147,9,0,1
BRDA:157,10,0,1
BRDA:162,11,0,4
BRDA:162,11,1,4
BRDA:170,12,0,1
BRDA:174,13,0,1
BRDA:185,14,0,2
BRDA:185,14,1,0
BRDA:199,15,0,1
BRDA:199,15,1,0
BRDA:207,16,0,1
BRDA:211,17,0,1
BRDA:231,18,0,1
BRDA:231,19,0,4
BRDA:231,19,1,1
BRDA:235,20,0,1
BRDA:247,21,0,1
BRDA:247,21,1,0
BRF:30
BRH:27
end_of_record
TN:
SF:src/app/pages/onboarding/onboarding.ts
FN:27,(anonymous_0)
FN:35,(anonymous_1)
FN:39,(anonymous_2)
FN:66,(anonymous_3)
FN:72,(anonymous_4)
FNF:5
FNH:5
FNDA:12,(anonymous_0)
FNDA:3,(anonymous_1)
FNDA:4,(anonymous_2)
FNDA:1,(anonymous_3)
FNDA:1,(anonymous_4)
DA:13,1
DA:14,12
DA:16,12
DA:17,12
DA:18,12
DA:19,12
DA:20,12
DA:21,12
DA:23,12
DA:24,12
DA:25,12
DA:28,12
DA:29,12
DA:30,12
DA:32,12
DA:36,3
DA:40,4
DA:41,4
DA:43,4
DA:44,2
DA:45,2
DA:46,2
DA:49,2
DA:50,2
DA:51,2
DA:53,2
DA:63,2
DA:65,2
DA:67,1
DA:68,1
DA:69,1
DA:70,1
DA:73,1
DA:74,1
DA:75,1
LF:35
LH:35
BRDA:43,0,0,2
BRDA:43,1,0,4
BRDA:43,1,1,3
BRF:3
BRH:3
end_of_record
TN:
SF:src/app/pages/pago/pago.ts
FN:45,(anonymous_0)
FN:55,(anonymous_1)
FN:68,(anonymous_2)
FN:86,(anonymous_3)
FN:94,(anonymous_4)
FN:101,(anonymous_5)
FN:118,(anonymous_6)
FN:130,(anonymous_7)
FN:139,(anonymous_8)
FN:163,(anonymous_9)
FN:187,(anonymous_10)
FN:223,(anonymous_11)
FN:242,(anonymous_12)
FN:253,(anonymous_13)
FN:271,(anonymous_14)
FN:289,(anonymous_15)
FN:304,(anonymous_16)
FN:308,(anonymous_17)
FNF:18
FNH:18
FNDA:66,(anonymous_0)
FNDA:48,(anonymous_1)
FNDA:49,(anonymous_2)
FNDA:47,(anonymous_3)
FNDA:47,(anonymous_4)
FNDA:2,(anonymous_5)
FNDA:2,(anonymous_6)
FNDA:2,(anonymous_7)
FNDA:8,(anonymous_8)
FNDA:4,(anonymous_9)
FNDA:6,(anonymous_10)
FNDA:7,(anonymous_11)
FNDA:12,(anonymous_12)
FNDA:6,(anonymous_13)
FNDA:4,(anonymous_14)
FNDA:2,(anonymous_15)
FNDA:1,(anonymous_16)
FNDA:1,(anonymous_17)
DA:24,1
DA:25,47
DA:26,47
DA:28,47
DA:29,47
DA:30,47
DA:31,47
DA:32,47
DA:34,47
DA:35,47
DA:36,47
DA:37,47
DA:39,47
DA:40,47
DA:41,47
DA:42,47
DA:44,47
DA:46,66
DA:47,66
DA:48,56
DA:49,55
DA:50,48
DA:54,47
DA:56,48
DA:57,48
DA:58,1
DA:59,1
DA:60,1
DA:61,4
DA:63,1
DA:67,47
DA:69,49
DA:70,49
DA:82,49
DA:87,47
DA:88,47
DA:89,47
DA:90,47
DA:91,47
DA:95,47
DA:96,47
DA:97,1
DA:102,2
DA:103,2
DA:104,2
DA:105,2
DA:107,2
DA:108,2
DA:109,8
DA:112,2
DA:113,2
DA:114,2
DA:115,2
DA:119,2
DA:120,2
DA:121,2
DA:122,2
DA:123,1
DA:125,2
DA:126,2
DA:127,2
DA:131,2
DA:132,2
DA:133,2
DA:134,2
DA:135,2
DA:136,2
DA:140,8
DA:141,8
DA:143,8
DA:144,1
DA:145,1
DA:146,1
DA:148,7
DA:149,1
DA:150,1
DA:151,1
DA:153,6
DA:154,1
DA:155,1
DA:156,1
DA:158,5
DA:159,5
DA:160,5
DA:164,4
DA:165,4
DA:167,4
DA:168,1
DA:169,1
DA:170,1
DA:172,3
DA:173,1
DA:174,1
DA:175,1
DA:177,2
DA:178,1
DA:179,1
DA:180,1
DA:182,1
DA:183,1
DA:184,1
DA:188,6
DA:189,6
DA:191,6
DA:192,2
DA:193,2
DA:194,2
DA:197,4
DA:198,4
DA:199,4
DA:201,4
DA:202,1
DA:203,1
DA:204,1
DA:207,3
DA:208,3
DA:209,3
DA:211,3
DA:212,3
DA:213,1
DA:214,1
DA:215,1
DA:218,2
DA:219,2
DA:220,2
DA:224,7
DA:225,7
DA:227,7
DA:228,1
DA:229,1
DA:230,1
DA:232,6
DA:233,2
DA:234,2
DA:235,2
DA:237,4
DA:238,4
DA:239,4
DA:243,12
DA:244,12
DA:246,2
DA:250,2
DA:254,6
DA:255,6
DA:257,6
DA:258,95
DA:259,95
DA:260,47
DA:261,47
DA:262,1
DA:265,95
DA:266,95
DA:268,6
DA:273,4
DA:277,4
DA:279,3
DA:280,3
DA:281,1
DA:282,1
DA:283,1
DA:286,2
DA:288,2
DA:289,2
DA:290,2
DA:293,2
DA:294,2
DA:295,2
DA:296,1
DA:297,1
DA:299,1
DA:300,1
DA:305,1
DA:309,1
LF:173
LH:173
BRDA:47,0,0,10
BRDA:48,1,0,1
BRDA:49,2,0,7
BRDA:49,3,0,55
BRDA:49,3,1,53
BRDA:57,4,0,47
BRDA:63,5,0,1
BRDA:63,5,1,0
BRDA:82,6,0,49
BRDA:82,6,1,1
BRDA:96,7,0,1
BRDA:96,8,0,47
BRDA:96,8,1,47
BRDA:104,9,0,1
BRDA:104,9,1,1
BRDA:122,10,0,1
BRDA:132,11,0,1
BRDA:132,11,1,1
BRDA:141,12,0,1
BRDA:141,12,1,7
BRDA:143,13,0,1
BRDA:148,14,0,1
BRDA:153,15,0,1
BRDA:167,16,0,1
BRDA:172,17,0,1
BRDA:177,18,0,1
BRDA:191,19,0,2
BRDA:201,20,0,1
BRDA:201,21,0,4
BRDA:201,21,1,4
BRDA:211,22,0,3
BRDA:211,22,1,2
BRDA:211,22,2,0
BRDA:212,23,0,1
BRDA:224,24,0,3
BRDA:224,24,1,4
BRDA:227,25,0,1
BRDA:232,26,0,2
BRDA:244,27,0,10
BRDA:246,28,0,2
BRDA:246,28,1,2
BRDA:246,28,2,1
BRDA:246,28,3,1
BRDA:259,29,0,47
BRDA:261,30,0,1
BRDA:273,31,0,4
BRDA:273,31,1,3
BRDA:273,31,2,3
BRDA:273,31,3,3
BRDA:277,32,0,1
BRDA:280,33,0,1
BRF:51
BRH:49
end_of_record
TN:
SF:src/app/pages/politica-cookies/politica-cookies.ts
FNF:0
FNH:0
DA:9,1
LF:1
LH:1
BRF:0
BRH:0
end_of_record
TN:
SF:src/app/pages/politica-privacidad/politica-privacidad.ts
FNF:0
FNH:0
DA:9,1
LF:1
LH:1
BRF:0
BRH:0
end_of_record
TN:
SF:src/app/pages/register/register.ts
FN:10,confirmarPasswordCoincide
FN:11,(anonymous_1)
FN:60,(anonymous_2)
FN:68,(anonymous_3)
FN:71,(anonymous_4)
FN:74,(anonymous_5)
FN:77,(anonymous_6)
FN:80,(anonymous_7)
FN:83,(anonymous_8)
FN:92,(anonymous_9)
FN:93,(anonymous_10)
FN:98,(anonymous_11)
FN:99,(anonymous_12)
FN:104,(anonymous_13)
FN:108,(anonymous_14)
FN:116,(anonymous_15)
FN:121,(anonymous_16)
FN:156,(anonymous_17)
FNF:18
FNH:18
FNDA:25,confirmarPasswordCoincide
FNDA:172,(anonymous_1)
FNDA:25,(anonymous_2)
FNDA:9,(anonymous_3)
FNDA:8,(anonymous_4)
FNDA:8,(anonymous_5)
FNDA:8,(anonymous_6)
FNDA:8,(anonymous_7)
FNDA:7,(anonymous_8)
FNDA:2,(anonymous_9)
FNDA:2,(anonymous_10)
FNDA:1,(anonymous_11)
FNDA:1,(anonymous_12)
FNDA:51,(anonymous_13)
FNDA:102,(anonymous_14)
FNDA:152,(anonymous_15)
FNDA:6,(anonymous_16)
FNDA:25,(anonymous_17)
DA:11,25
DA:12,172
DA:13,172
DA:14,172
DA:15,164
DA:17,8
DA:27,1
DA:29,25
DA:30,25
DA:41,25
DA:42,25
DA:44,25
DA:45,25
DA:46,25
DA:47,25
DA:48,25
DA:49,25
DA:58,25
DA:61,25
DA:62,25
DA:63,25
DA:64,25
DA:66,25
DA:68,25
DA:69,9
DA:71,25
DA:72,8
DA:74,25
DA:75,8
DA:77,25
DA:78,8
DA:80,25
DA:81,8
DA:83,25
DA:84,7
DA:93,2
DA:94,2
DA:99,1
DA:100,1
DA:105,51
DA:109,102
DA:110,102
DA:111,102
DA:112,102
DA:113,102
DA:117,152
DA:118,152
DA:122,6
DA:124,6
DA:125,3
DA:127,3
DA:128,1
DA:129,2
DA:130,1
DA:132,1
DA:134,3
DA:135,3
DA:138,3
DA:140,3
DA:141,3
DA:143,3
DA:144,3
DA:145,1
DA:146,1
DA:147,1
DA:149,2
DA:150,2
DA:152,3
DA:157,25
DA:158,25
LF:70
LH:70
BRDA:14,0,0,164
BRDA:14,1,0,172
BRDA:14,1,1,20
BRDA:17,2,0,6
BRDA:17,2,1,2
BRDA:69,3,0,9
BRDA:69,3,1,0
BRDA:72,4,0,8
BRDA:72,4,1,0
BRDA:75,5,0,8
BRDA:75,5,1,0
BRDA:78,6,0,8
BRDA:78,6,1,0
BRDA:81,7,0,8
BRDA:81,7,1,0
BRDA:84,8,0,7
BRDA:84,8,1,6
BRDA:84,8,2,6
BRDA:84,8,3,6
BRDA:84,8,4,6
BRDA:105,9,0,51
BRDA:105,9,1,0
BRDA:112,10,0,102
BRDA:112,10,1,100
BRDA:113,11,0,102
BRDA:113,11,1,1
BRDA:118,12,0,152
BRDA:118,12,1,151
BRDA:118,12,2,150
BRDA:124,13,0,3
BRDA:124,14,0,6
BRDA:124,14,1,3
BRDA:127,15,0,1
BRDA:127,15,1,2
BRDA:129,16,0,1
BRDA:129,16,1,1
BRDA:149,17,0,2
BRDA:149,17,1,1
BRF:38
BRH:32
end_of_record
TN:
SF:src/app/pages/style-guide/style-guide.ts
FNF:0
FNH:0
DA:10,1
DA:12,1
DA:19,1
LF:3
LH:3
BRF:0
BRH:0
end_of_record
TN:
SF:src/app/pages/terminal-selector/terminal-selector.ts
FN:15,(anonymous_0)
FN:17,(anonymous_1)
FN:21,(anonymous_2)
FNF:3
FNH:3
FNDA:1,(anonymous_0)
FNDA:1,(anonymous_1)
FNDA:1,(anonymous_2)
DA:12,1
DA:13,1
DA:15,1
DA:18,1
DA:20,1
DA:22,1
LF:6
LH:6
BRF:0
BRH:0
end_of_record
TN:
SF:src/app/pages/terminal-ssh/terminal-ssh.ts
FN:28,(anonymous_0)
FN:35,(anonymous_1)
FN:42,(anonymous_2)
FN:52,(anonymous_3)
FN:80,(anonymous_4)
FN:84,(anonymous_5)
FN:90,(anonymous_6)
FN:104,(anonymous_7)
FNF:8
FNH:4
FNDA:10,(anonymous_0)
FNDA:3,(anonymous_1)
FNDA:1,(anonymous_2)
FNDA:0,(anonymous_3)
FNDA:0,(anonymous_4)
FNDA:0,(anonymous_5)
FNDA:0,(anonymous_6)
FNDA:15,(anonymous_7)
DA:16,1
DA:20,10
DA:21,10
DA:23,10
DA:24,10
DA:25,10
DA:26,10
DA:29,10
DA:30,10
DA:31,10
DA:33,10
DA:35,10
DA:36,3
DA:37,3
DA:38,2
DA:41,1
DA:43,1
DA:44,1
DA:48,1
DA:53,0
DA:55,0
DA:75,0
DA:76,0
DA:77,0
DA:78,0
DA:80,0
DA:81,0
DA:84,0
DA:85,0
DA:86,0
DA:90,0
DA:91,0
DA:92,0
DA:93,0
DA:99,0
DA:101,0
DA:105,15
DA:107,15
DA:108,2
DA:111,15
DA:112,2
DA:115,15
DA:116,2
LF:43
LH:26
BRDA:37,0,0,2
BRDA:85,1,0,0
BRDA:91,2,0,0
BRDA:91,3,0,0
BRDA:91,3,1,0
BRDA:107,4,0,2
BRDA:111,5,0,2
BRDA:115,6,0,2
BRF:8
BRH:4
end_of_record
TN:
SF:src/app/services/actividad.service.ts
FN:30,(anonymous_0)
FN:33,(anonymous_1)
FN:35,(anonymous_2)
FN:37,(anonymous_3)
FN:40,(anonymous_4)
FN:44,(anonymous_5)
FN:47,(anonymous_6)
FNF:7
FNH:5
FNDA:1,(anonymous_0)
FNDA:1,(anonymous_1)
FNDA:22,(anonymous_2)
FNDA:7,(anonymous_3)
FNDA:5,(anonymous_4)
FNDA:0,(anonymous_5)
FNDA:0,(anonymous_6)
DA:21,1
DA:23,22
DA:27,22
DA:30,22
DA:33,22
DA:35,22
DA:38,7
DA:40,5
DA:45,0
DA:46,0
DA:48,0
LF:11
LH:8
BRF:0
BRH:0
end_of_record
TN:
SF:src/app/services/asistente-ia.service.ts
FN:48,(anonymous_0)
FN:50,(anonymous_1)
FN:60,(anonymous_2)
FN:63,(anonymous_3)
FN:70,(anonymous_4)
FN:78,(anonymous_5)
FN:82,(anonymous_6)
FN:85,(anonymous_7)
FN:92,(anonymous_8)
FN:100,(anonymous_9)
FN:103,(anonymous_10)
FN:106,(anonymous_11)
FN:113,(anonymous_12)
FN:121,(anonymous_13)
FN:124,(anonymous_14)
FN:127,(anonymous_15)
FN:134,(anonymous_16)
FN:142,(anonymous_17)
FN:143,(anonymous_18)
FN:148,(anonymous_19)
FN:149,(anonymous_20)
FN:160,(anonymous_21)
FN:164,(anonymous_22)
FNF:23
FNH:23
FNDA:19,(anonymous_0)
FNDA:5,(anonymous_1)
FNDA:5,(anonymous_2)
FNDA:3,(anonymous_3)
FNDA:2,(anonymous_4)
FNDA:3,(anonymous_5)
FNDA:3,(anonymous_6)
FNDA:2,(anonymous_7)
FNDA:1,(anonymous_8)
FNDA:3,(anonymous_9)
FNDA:3,(anonymous_10)
FNDA:2,(anonymous_11)
FNDA:1,(anonymous_12)
FNDA:3,(anonymous_13)
FNDA:3,(anonymous_14)
FNDA:2,(anonymous_15)
FNDA:1,(anonymous_16)
FNDA:5,(anonymous_17)
FNDA:5,(anonymous_18)
FNDA:2,(anonymous_19)
FNDA:2,(anonymous_20)
FNDA:1,(anonymous_21)
FNDA:5,(anonymous_22)
DA:41,1
DA:43,19
DA:45,19
DA:46,19
DA:48,19
DA:51,5
DA:52,5
DA:53,5
DA:60,5
DA:61,5
DA:64,3
DA:65,2
DA:67,1
DA:71,2
DA:72,2
DA:79,3
DA:80,3
DA:82,3
DA:83,3
DA:86,2
DA:87,1
DA:89,1
DA:93,1
DA:94,1
DA:101,3
DA:103,3
DA:104,3
DA:107,2
DA:108,1
DA:110,1
DA:114,1
DA:115,1
DA:122,3
DA:124,3
DA:125,3
DA:128,2
DA:129,1
DA:131,1
DA:135,1
DA:136,1
DA:143,5
DA:144,5
DA:149,2
DA:150,2
DA:151,1
DA:153,1
DA:154,1
DA:155,1
DA:156,1
DA:161,1
DA:165,5
DA:166,5
DA:168,5
DA:169,1
DA:173,1
DA:176,5
LF:56
LH:56
BRDA:64,0,0,2
BRDA:64,0,1,1
BRDA:71,1,0,2
BRDA:71,1,1,2
BRDA:86,2,0,1
BRDA:86,2,1,1
BRDA:93,3,0,1
BRDA:93,3,1,1
BRDA:107,4,0,1
BRDA:107,4,1,1
BRDA:114,5,0,1
BRDA:114,5,1,1
BRDA:128,6,0,1
BRDA:128,6,1,1
BRDA:135,7,0,1
BRDA:135,7,1,1
BRDA:150,8,0,1
BRF:17
BRH:17
end_of_record
TN:
SF:src/app/services/auth.service.ts
FN:7,(anonymous_0)
FN:11,(anonymous_1)
FNF:2
FNH:2
FNDA:1,(anonymous_0)
FNDA:2,(anonymous_1)
DA:4,1
DA:5,86
DA:8,1
DA:12,2
LF:4
LH:4
BRF:0
BRH:0
end_of_record
TN:
SF:src/app/services/cookies.service.ts
FN:7,(anonymous_0)
FN:12,(anonymous_1)
FNF:2
FNH:2
FNDA:1,(anonymous_0)
FNDA:1,(anonymous_1)
DA:4,1
DA:5,6
DA:8,1
DA:9,1
DA:13,1
DA:14,1
LF:6
LH:6
BRF:0
BRH:0
end_of_record
TN:
SF:src/app/services/idioma.service.ts
FN:45,(anonymous_0)
FN:51,(anonymous_1)
FN:60,(anonymous_2)
FN:68,(anonymous_3)
FN:70,(anonymous_4)
FN:75,(anonymous_5)
FN:83,(anonymous_6)
FN:90,(anonymous_7)
FN:101,(anonymous_8)
FN:112,(anonymous_9)
FN:114,(anonymous_10)
FN:119,(anonymous_11)
FN:127,(anonymous_12)
FN:130,(anonymous_13)
FNF:14
FNH:13
FNDA:3,(anonymous_0)
FNDA:4,(anonymous_1)
FNDA:9,(anonymous_2)
FNDA:119,(anonymous_3)
FNDA:128,(anonymous_4)
FNDA:15,(anonymous_5)
FNDA:12,(anonymous_6)
FNDA:3,(anonymous_7)
FNDA:2,(anonymous_8)
FNDA:16,(anonymous_9)
FNDA:40,(anonymous_10)
FNDA:3,(anonymous_11)
FNDA:1,(anonymous_12)
FNDA:0,(anonymous_13)
DA:26,1
DA:27,1
DA:30,1
DA:32,189
DA:40,189
DA:42,189
DA:43,189
DA:46,3
DA:47,3
DA:48,3
DA:52,4
DA:53,1
DA:55,3
DA:56,3
DA:57,3
DA:61,9
DA:62,0
DA:64,9
DA:65,9
DA:69,119
DA:70,119
DA:71,128
DA:76,15
DA:77,15
DA:78,15
DA:79,15
DA:84,12
DA:85,0
DA:87,12
DA:91,3
DA:92,0
DA:94,3
DA:95,3
DA:96,1
DA:98,2
DA:102,2
DA:103,0
DA:105,2
DA:106,2
DA:107,1
DA:109,1
DA:113,16
DA:114,16
DA:115,40
DA:120,3
DA:121,3
DA:122,2
DA:124,1
DA:125,1
DA:128,1
LF:50
LH:46
BRDA:47,0,0,3
BRDA:47,0,1,2
BRDA:52,1,0,1
BRDA:61,2,0,0
BRDA:78,3,0,15
BRDA:84,4,0,0
BRDA:84,5,0,12
BRDA:84,5,1,12
BRDA:91,6,0,0
BRDA:91,7,0,3
BRDA:91,7,1,3
BRDA:95,8,0,1
BRDA:95,9,0,3
BRDA:95,9,1,1
BRDA:102,10,0,0
BRDA:102,11,0,2
BRDA:102,11,1,2
BRDA:106,12,0,1
BRDA:121,13,0,2
BRF:19
BRH:15
end_of_record
TN:
SF:src/app/services/metricas-servidor.service.ts
FN:30,(anonymous_0)
FN:32,(anonymous_1)
FN:43,(anonymous_2)
FN:57,manejarMensajeSocket
FN:66,manejarCierreSocket
FN:70,manejarErrorSocket
FN:77,(anonymous_6)
FN:88,(anonymous_7)
FN:97,(anonymous_8)
FN:103,(anonymous_9)
FN:108,reconectarWebSocket
FNF:11
FNH:10
FNDA:14,(anonymous_0)
FNDA:2,(anonymous_1)
FNDA:11,(anonymous_2)
FNDA:2,manejarMensajeSocket
FNDA:3,manejarCierreSocket
FNDA:1,manejarErrorSocket
FNDA:17,(anonymous_6)
FNDA:3,(anonymous_7)
FNDA:2,(anonymous_8)
FNDA:3,(anonymous_9)
FNDA:0,reconectarWebSocket
DA:23,1
DA:25,14
DA:27,14
DA:28,14
DA:30,14
DA:33,2
DA:34,2
DA:35,2
DA:36,1
DA:37,1
DA:39,1
DA:44,11
DA:45,2
DA:46,2
DA:47,2
DA:48,2
DA:51,9
DA:52,9
DA:53,9
DA:54,9
DA:56,9
DA:57,9
DA:58,2
DA:59,2
DA:60,1
DA:62,1
DA:66,9
DA:67,3
DA:70,9
DA:71,1
DA:72,1
DA:78,17
DA:79,2
DA:80,2
DA:82,17
DA:83,9
DA:84,9
DA:89,3
DA:90,3
DA:91,3
DA:92,1
DA:94,2
DA:98,2
DA:99,2
DA:100,2
DA:104,3
DA:105,1
DA:107,2
DA:108,2
DA:109,0
DA:110,0
LF:51
LH:49
BRDA:44,0,0,2
BRDA:47,1,0,2
BRDA:47,2,0,2
BRDA:47,2,1,1
BRDA:51,3,0,0
BRDA:51,3,1,9
BRDA:52,4,0,9
BRDA:52,4,1,8
BRDA:52,4,2,7
BRDA:71,5,0,1
BRDA:78,6,0,2
BRDA:82,7,0,9
BRDA:91,8,0,1
BRDA:104,9,0,1
BRF:14
BRH:13
end_of_record
TN:
SF:src/app/services/notificacion.service.ts
FN:33,(anonymous_0)
FN:35,(anonymous_1)
FN:41,manejarMensajeNotificacion
FN:47,manejarErrorNotificacion
FN:52,(anonymous_4)
FN:59,(anonymous_5)
FN:63,(anonymous_6)
FN:70,(anonymous_7)
FN:74,(anonymous_8)
FN:76,(anonymous_9)
FN:79,(anonymous_10)
FN:83,(anonymous_11)
FN:90,(anonymous_12)
FN:92,(anonymous_13)
FN:95,(anonymous_14)
FN:99,(anonymous_15)
FN:106,(anonymous_16)
FN:108,(anonymous_17)
FN:111,(anonymous_18)
FN:115,(anonymous_19)
FN:122,(anonymous_20)
FN:124,(anonymous_21)
FN:127,(anonymous_22)
FN:131,(anonymous_23)
FN:138,(anonymous_24)
FN:140,(anonymous_25)
FN:143,(anonymous_26)
FN:145,(anonymous_27)
FN:154,(anonymous_28)
FN:161,(anonymous_29)
FN:163,(anonymous_30)
FN:166,(anonymous_31)
FN:168,(anonymous_32)
FN:172,(anonymous_33)
FN:175,(anonymous_34)
FN:177,(anonymous_35)
FN:182,(anonymous_36)
FN:189,(anonymous_37)
FN:191,(anonymous_38)
FN:198,(anonymous_39)
FN:200,(anonymous_40)
FNF:41
FNH:31
FNDA:17,(anonymous_0)
FNDA:0,(anonymous_1)
FNDA:0,manejarMensajeNotificacion
FNDA:0,manejarErrorNotificacion
FNDA:15,(anonymous_4)
FNDA:8,(anonymous_5)
FNDA:0,(anonymous_6)
FNDA:0,(anonymous_7)
FNDA:2,(anonymous_8)
FNDA:2,(anonymous_9)
FNDA:1,(anonymous_10)
FNDA:1,(anonymous_11)
FNDA:1,(anonymous_12)
FNDA:1,(anonymous_13)
FNDA:1,(anonymous_14)
FNDA:0,(anonymous_15)
FNDA:1,(anonymous_16)
FNDA:1,(anonymous_17)
FNDA:1,(anonymous_18)
FNDA:0,(anonymous_19)
FNDA:1,(anonymous_20)
FNDA:1,(anonymous_21)
FNDA:1,(anonymous_22)
FNDA:0,(anonymous_23)
FNDA:1,(anonymous_24)
FNDA:1,(anonymous_25)
FNDA:1,(anonymous_26)
FNDA:2,(anonymous_27)
FNDA:0,(anonymous_28)
FNDA:1,(anonymous_29)
FNDA:1,(anonymous_30)
FNDA:1,(anonymous_31)
FNDA:2,(anonymous_32)
FNDA:1,(anonymous_33)
FNDA:1,(anonymous_34)
FNDA:1,(anonymous_35)
FNDA:0,(anonymous_36)
FNDA:1,(anonymous_37)
FNDA:2,(anonymous_38)
FNDA:2,(anonymous_39)
FNDA:1,(anonymous_40)
DA:21,1
DA:23,17
DA:24,17
DA:26,17
DA:27,17
DA:28,17
DA:30,17
DA:31,17
DA:33,17
DA:36,0
DA:37,0
DA:38,0
DA:40,0
DA:41,0
DA:42,0
DA:43,0
DA:44,0
DA:47,0
DA:48,0
DA:53,15
DA:54,0
DA:55,0
DA:60,8
DA:64,0
DA:65,0
DA:67,0
DA:68,0
DA:69,0
DA:70,0
DA:75,2
DA:76,2
DA:77,2
DA:80,1
DA:81,1
DA:84,1
DA:91,1
DA:92,1
DA:93,1
DA:96,1
DA:97,1
DA:100,0
DA:107,1
DA:108,1
DA:109,1
DA:112,1
DA:113,1
DA:116,0
DA:123,1
DA:124,1
DA:125,1
DA:128,1
DA:129,1
DA:132,0
DA:139,1
DA:140,1
DA:141,1
DA:144,1
DA:145,2
DA:149,1
DA:150,1
DA:151,1
DA:152,1
DA:155,0
DA:162,1
DA:163,1
DA:164,1
DA:167,1
DA:168,2
DA:169,1
DA:171,1
DA:172,1
DA:173,1
DA:175,1
DA:176,1
DA:177,1
DA:180,1
DA:183,0
DA:190,1
DA:191,1
DA:192,2
DA:194,1
DA:196,1
DA:197,1
DA:198,2
DA:199,1
DA:200,1
LF:86
LH:63
BRDA:24,0,0,0
BRDA:24,0,1,17
BRDA:36,1,0,0
BRDA:36,1,1,0
BRDA:36,1,2,0
BRDA:53,2,0,0
BRDA:67,3,0,0
BRDA:176,4,0,1
BRDA:176,5,0,1
BRDA:176,5,1,1
BRDA:192,6,0,1
BRDA:192,6,1,1
BRDA:196,7,0,1
BRF:13
BRH:7
end_of_record
TN:
SF:src/app/services/plan.service.ts
FN:61,(anonymous_0)
FN:66,(anonymous_1)
FN:67,(anonymous_2)
FNF:3
FNH:3
FNDA:3,(anonymous_0)
FNDA:3,(anonymous_1)
FNDA:6,(anonymous_2)
DA:18,1
DA:58,1
DA:59,115
DA:62,3
DA:63,3
DA:67,6
LF:6
LH:6
BRDA:59,0,0,115
BRDA:59,0,1,35
BRF:2
BRH:2
end_of_record
TN:
SF:src/app/services/servidor.service.ts
FN:43,(anonymous_0)
FN:46,(anonymous_1)
FN:48,(anonymous_2)
FN:52,(anonymous_3)
FN:54,(anonymous_4)
FN:58,(anonymous_5)
FN:61,(anonymous_6)
FN:62,(anonymous_7)
FN:69,(anonymous_8)
FN:71,(anonymous_9)
FN:78,(anonymous_10)
FN:81,(anonymous_11)
FN:87,(anonymous_12)
FN:89,(anonymous_13)
FN:94,(anonymous_14)
FN:96,(anonymous_15)
FN:101,(anonymous_16)
FN:105,(anonymous_17)
FN:106,(anonymous_18)
FN:107,(anonymous_19)
FNF:20
FNH:20
FNDA:6,(anonymous_0)
FNDA:1,(anonymous_1)
FNDA:2,(anonymous_2)
FNDA:177,(anonymous_3)
FNDA:4,(anonymous_4)
FNDA:3,(anonymous_5)
FNDA:3,(anonymous_6)
FNDA:3,(anonymous_7)
FNDA:92,(anonymous_8)
FNDA:89,(anonymous_9)
FNDA:4,(anonymous_10)
FNDA:4,(anonymous_11)
FNDA:5,(anonymous_12)
FNDA:5,(anonymous_13)
FNDA:1,(anonymous_14)
FNDA:1,(anonymous_15)
FNDA:2,(anonymous_16)
FNDA:2,(anonymous_17)
FNDA:2,(anonymous_18)
FNDA:1,(anonymous_19)
DA:34,1
DA:36,177
DA:40,177
DA:43,177
DA:46,177
DA:47,1
DA:48,2
DA:49,1
DA:52,177
DA:55,4
DA:56,4
DA:59,3
DA:62,3
DA:63,3
DA:70,92
DA:72,89
DA:79,4
DA:80,4
DA:82,4
DA:88,5
DA:90,5
DA:95,1
DA:97,1
DA:102,2
DA:103,2
DA:106,2
DA:107,2
DA:108,1
LF:28
LH:28
BRF:0
BRH:0
end_of_record
TN:
SF:src/app/services/terminal-ssh.service.ts
FN:19,(anonymous_0)
FN:33,(anonymous_1)
FN:41,(anonymous_2)
FN:67,(anonymous_3)
FN:73,(anonymous_4)
FN:83,(anonymous_5)
FN:90,(anonymous_6)
FN:97,(anonymous_7)
FN:102,(anonymous_8)
FNF:9
FNH:8
FNDA:8,(anonymous_0)
FNDA:1,(anonymous_1)
FNDA:3,(anonymous_2)
FNDA:1,(anonymous_3)
FNDA:0,(anonymous_4)
FNDA:2,(anonymous_5)
FNDA:1,(anonymous_6)
FNDA:2,(anonymous_7)
FNDA:10,(anonymous_8)
DA:4,1
DA:5,1
DA:6,1
DA:7,1
DA:8,1
DA:9,1
DA:12,1
DA:14,10
DA:16,10
DA:17,10
DA:20,8
DA:22,8
DA:23,8
DA:24,8
DA:26,8
DA:27,8
DA:28,8
DA:29,8
DA:31,8
DA:33,8
DA:34,1
DA:38,1
DA:41,8
DA:42,3
DA:44,3
DA:45,3
DA:46,2
DA:47,1
DA:48,1
DA:49,1
DA:50,1
DA:51,1
DA:53,1
DA:54,1
DA:55,1
DA:56,1
DA:57,1
DA:58,1
DA:64,1
DA:67,8
DA:68,1
DA:69,1
DA:70,1
DA:73,8
DA:74,0
DA:75,0
DA:76,0
DA:78,0
DA:79,0
DA:84,2
DA:85,1
DA:86,1
DA:91,1
DA:92,1
DA:93,1
DA:98,2
DA:99,2
DA:103,10
DA:104,9
DA:106,1
DA:107,1
DA:108,1
DA:109,1
DA:110,1
DA:111,1
DA:112,1
LF:66
LH:61
BRDA:26,0,0,0
BRDA:26,0,1,8
BRDA:27,1,0,8
BRDA:27,1,1,8
BRDA:27,1,2,8
BRDA:46,2,0,1
BRDA:48,3,0,1
BRDA:48,3,1,0
BRDA:53,4,0,1
BRDA:55,5,0,1
BRDA:55,5,1,0
BRDA:74,6,0,0
BRDA:84,7,0,1
BRDA:84,8,0,2
BRDA:84,8,1,2
BRDA:91,9,0,1
BRDA:91,10,0,1
BRDA:91,10,1,1
BRDA:103,11,0,9
BRF:19
BRH:15
end_of_record
TN:
SF:src/app/services/theme.service.ts
FN:18,(anonymous_0)
FN:20,(anonymous_1)
FN:36,(anonymous_2)
FN:38,(anonymous_3)
FN:41,(anonymous_4)
FN:49,(anonymous_5)
FN:54,(anonymous_6)
FN:63,(anonymous_7)
FN:69,(anonymous_8)
FN:77,(anonymous_9)
FNF:10
FNH:10
FNDA:78,(anonymous_0)
FNDA:72,(anonymous_1)
FNDA:3,(anonymous_2)
FNDA:3,(anonymous_3)
FNDA:78,(anonymous_4)
FNDA:78,(anonymous_5)
FNDA:77,(anonymous_6)
FNDA:78,(anonymous_7)
FNDA:3,(anonymous_8)
FNDA:156,(anonymous_9)
DA:6,1
DA:7,1
DA:10,1
DA:11,78
DA:14,78
DA:16,78
DA:20,78
DA:21,72
DA:22,72
DA:24,72
DA:25,0
DA:26,0
DA:33,78
DA:37,3
DA:38,3
DA:42,78
DA:43,78
DA:44,1
DA:46,77
DA:50,78
DA:51,78
DA:55,77
DA:56,77
DA:57,0
DA:59,77
DA:64,78
DA:65,78
DA:66,0
DA:68,78
DA:69,78
DA:70,3
DA:71,1
DA:73,2
DA:78,156
DA:79,156
DA:81,0
LF:36
LH:31
BRDA:24,0,0,0
BRDA:38,1,0,2
BRDA:38,1,1,1
BRDA:43,2,0,1
BRDA:43,3,0,78
BRDA:43,3,1,77
BRDA:51,4,0,78
BRDA:51,4,1,77
BRDA:56,5,0,0
BRDA:59,6,0,1
BRDA:59,6,1,76
BRDA:65,7,0,0
BRDA:70,8,0,1
BRDA:73,9,0,1
BRDA:73,9,1,1
BRDA:79,10,0,156
BRDA:79,10,1,0
BRF:17
BRH:13
end_of_record
TN:
SF:src/app/services/usuario.service.ts
FN:48,(anonymous_0)
FN:50,(anonymous_1)
FN:71,(anonymous_2)
FN:92,(anonymous_3)
FN:112,(anonymous_4)
FN:132,(anonymous_5)
FN:153,(anonymous_6)
FN:166,(anonymous_7)
FN:180,(anonymous_8)
FN:192,(anonymous_9)
FN:205,(anonymous_10)
FN:217,(anonymous_11)
FN:231,(anonymous_12)
FNF:13
FNH:13
FNDA:157,(anonymous_0)
FNDA:2,(anonymous_1)
FNDA:3,(anonymous_2)
FNDA:3,(anonymous_3)
FNDA:3,(anonymous_4)
FNDA:3,(anonymous_5)
FNDA:52,(anonymous_6)
FNDA:4,(anonymous_7)
FNDA:3,(anonymous_8)
FNDA:52,(anonymous_9)
FNDA:5,(anonymous_10)
FNDA:2,(anonymous_11)
FNDA:8,(anonymous_12)
DA:36,1
DA:38,157
DA:40,157
DA:41,157
DA:42,157
DA:43,157
DA:44,157
DA:46,157
DA:48,157
DA:51,2
DA:54,2
DA:55,2
DA:59,0
DA:60,0
DA:63,2
DA:64,1
DA:67,1
DA:68,1
DA:72,3
DA:75,3
DA:76,3
DA:80,1
DA:81,1
DA:84,2
DA:85,1
DA:88,1
DA:89,1
DA:93,3
DA:96,3
DA:97,3
DA:101,0
DA:104,3
DA:105,1
DA:108,2
DA:109,2
DA:113,3
DA:116,3
DA:117,3
DA:121,0
DA:124,3
DA:125,1
DA:128,2
DA:129,2
DA:133,3
DA:134,3
DA:137,3
DA:138,3
DA:142,0
DA:145,3
DA:146,1
DA:149,2
DA:150,2
DA:154,52
DA:156,52
DA:157,52
DA:160,52
DA:162,0
DA:167,4
DA:168,4
DA:170,4
DA:171,4
DA:174,3
DA:176,1
DA:181,3
DA:183,3
DA:184,3
DA:188,1
DA:193,52
DA:195,52
DA:196,52
DA:199,51
DA:201,1
DA:206,5
DA:208,5
DA:209,5
DA:213,1
DA:218,2
DA:219,2
DA:220,2
DA:221,2
DA:222,2
DA:223,2
DA:224,2
DA:225,2
DA:226,2
DA:227,2
DA:228,2
DA:232,8
DA:233,2
DA:236,8
DA:237,8
DA:238,8
DA:239,8
DA:241,8
DA:242,2
DA:243,2
DA:245,6
DA:246,6
DA:249,8
DA:250,8
DA:251,8
DA:252,8
DA:254,8
DA:255,8
DA:256,8
LF:105
LH:99
BRDA:40,0,0,157
BRDA:40,0,1,70
BRDA:41,1,0,157
BRDA:41,1,1,73
BRDA:42,2,0,157
BRDA:42,2,1,73
BRDA:43,3,0,157
BRDA:43,3,1,73
BRDA:59,4,0,0
BRDA:59,4,1,0
BRDA:63,5,0,1
BRDA:80,6,0,1
BRDA:80,6,1,1
BRDA:84,7,0,1
BRDA:104,8,0,1
BRDA:124,9,0,1
BRDA:145,10,0,1
BRDA:160,11,0,52
BRDA:160,11,1,0
BRDA:232,12,0,2
BRDA:239,13,0,8
BRDA:239,13,1,0
BRDA:241,14,0,2
BRDA:241,14,1,6
BRDA:252,15,0,8
BRDA:252,15,1,0
BRDA:254,16,0,8
BRF:27
BRH:22
end_of_record
